\BOOKMARK [1][-]{section.1}{\376\377\000I\000n\000t\000r\000o\000d\000u\000c\000t\000i\000o\000n}{}% 1
\BOOKMARK [1][-]{section.2}{\376\377\000N\000e\000u\000t\000r\000a\000l\000\040\000N\0002}{}% 2
\BOOKMARK [1][-]{section.3}{\376\377\000N\000e\000u\000t\000r\000a\000l\000\040\000N\000\040\000A\000t\000o\000m}{}% 3
\BOOKMARK [2][-]{subsection.3.1}{\376\377\000E\000l\000e\000c\000t\000r\000o\000n\000-\000I\000m\000p\000a\000c\000t\000\040\000E\000x\000c\000i\000t\000a\000t\000i\000o\000n\000\040\000C\000r\000o\000s\000s\000\040\000S\000e\000c\000t\000i\000o\000n\000s}{section.3}% 4
\BOOKMARK [2][-]{subsection.3.2}{\376\377\000E\000l\000e\000c\000t\000r\000o\000n\000-\000I\000m\000p\000a\000c\000t\000\040\000I\000o\000n\000i\000z\000a\000t\000i\000o\000n}{section.3}% 5
\BOOKMARK [2][-]{subsection.3.3}{\376\377\000E\000l\000a\000s\000t\000i\000c\000\040\000S\000c\000a\000t\000t\000e\000r\000i\000n\000g}{section.3}% 6
\BOOKMARK [1][-]{section.4}{\376\377\000S\000i\000n\000g\000l\000y\000-\000I\000o\000n\000i\000z\000e\000d\000\040\000N\000i\000t\000r\000o\000g\000e\000n\000\040\000I\000o\000n}{}% 7
\BOOKMARK [2][-]{subsection.4.1}{\376\377\000E\000l\000e\000c\000t\000r\000o\000n\000-\000I\000m\000p\000a\000c\000t\000\040\000E\000x\000c\000i\000t\000a\000t\000i\000o\000n\000\040\000C\000r\000o\000s\000s\000\040\000S\000e\000c\000t\000i\000o\000n\000s}{section.4}% 8
\BOOKMARK [2][-]{subsection.4.2}{\376\377\000E\000l\000e\000c\000t\000r\000o\000n\000-\000I\000m\000p\000a\000c\000t\000\040\000I\000o\000n\000i\000z\000a\000t\000i\000o\000n\000\040\000C\000r\000o\000s\000s\000\040\000S\000e\000c\000t\000i\000o\000n\000s}{section.4}% 9
\BOOKMARK [2][-]{subsection.4.3}{\376\377\000E\000l\000a\000s\000t\000i\000c\000\040\000S\000c\000a\000t\000t\000e\000r\000i\000n\000g\000\040\000C\000r\000o\000s\000s\000\040\000S\000e\000c\000t\000i\000o\000n\000s}{section.4}% 10
\BOOKMARK [1][-]{section.5}{\376\377\000I\000o\000n\000i\000z\000e\000d\000\040\000A\000t\000o\000m\000i\000c\000\040\000N\000i\000t\000r\000o\000g\000e\000n\000\040\000\050\000Z\000>\0001\000\051}{}% 11
\BOOKMARK [2][-]{subsection.5.1}{\376\377\000E\000l\000e\000c\000t\000r\000o\000n\000-\000I\000m\000p\000a\000c\000t\000\040\000E\000x\000c\000i\000t\000a\000t\000i\000o\000n\000\040\000C\000r\000o\000s\000s\000\040\000S\000e\000c\000t\000i\000o\000n\000s}{section.5}% 12
\BOOKMARK [2][-]{subsection.5.2}{\376\377\000E\000l\000e\000c\000t\000r\000o\000n\000-\000I\000m\000p\000a\000c\000t\000\040\000I\000o\000n\000i\000z\000a\000t\000i\000o\000n\000\040\000C\000r\000o\000s\000s\000\040\000S\000e\000c\000t\000i\000o\000n\000s}{section.5}% 13
\BOOKMARK [2][-]{subsection.5.3}{\376\377\000E\000l\000a\000s\000t\000i\000c\000\040\000S\000c\000a\000t\000t\000e\000r\000i\000n\000g\000\040\000C\000r\000o\000s\000s\000\040\000S\000e\000c\000t\000i\000o\000n\000s}{section.5}% 14
\BOOKMARK [1][-]{section.6}{\376\377\000M\000o\000l\000e\000c\000u\000l\000a\000r\000\040\000n\000e\000u\000t\000r\000a\000l\000\040\000s\000p\000e\000c\000i\000e\000s\000\040\000\050\000N\0002\000\051}{}% 15
\BOOKMARK [1][-]{section.7}{\376\377\000M\000o\000l\000e\000c\000u\000l\000a\000r\000\040\000i\000o\000n\000\040\000s\000p\000e\000c\000i\000e\000s\000\040\000\050\000N\0002\000+\000\051}{}% 16
\BOOKMARK [1][-]{section.8}{\376\377\000S\000u\000m\000m\000a\000r\000y}{}% 17
\BOOKMARK [1][-]{appendix.A}{\376\377\000R\000-\000m\000a\000t\000r\000i\000x\000\040\000M\000e\000t\000h\000o\000d\000\040\000C\000o\000n\000s\000i\000d\000e\000r\000a\000t\000i\000o\000n\000s}{}% 18
\BOOKMARK [2][-]{subsection.A.1}{\376\377\000T\000a\000r\000g\000e\000t\000\040\000m\000o\000d\000e\000l}{appendix.A}% 19
\BOOKMARK [2][-]{subsection.A.2}{\376\377\000S\000c\000a\000t\000t\000e\000r\000i\000n\000g\000\040\000m\000o\000d\000e\000l}{appendix.A}% 20
\BOOKMARK [2][-]{subsection.A.3}{\376\377\000C\000o\000n\000t\000i\000n\000u\000u\000m\000\040\000m\000o\000d\000e\000l}{appendix.A}% 21
\BOOKMARK [1][-]{appendix.B}{\376\377\000N\000I\000S\000T\000\040\000D\000a\000t\000a\000b\000a\000s\000e\000\040\000o\000f\000\040\000N\000\040\000A\000t\000o\000m\000\040\000E\000l\000e\000c\000t\000r\000o\000n\000i\000c\000\040\000S\000t\000a\000t\000e\000s}{}% 22
\BOOKMARK [1][-]{appendix.C}{\376\377\000A\000c\000k\000n\000o\000w\000l\000e\000d\000g\000m\000e\000n\000t\000s}{}% 23
