+-------------------------------------------------------------------------+
|              _              |                                           |
| || || ||//  | \          |  | University College London (C) 1994 - 2019 |
| || || ||    | / |/\/\ /\ |  | Open University           (C) 2007 - 2019 |
| \\_// ||\\  | \ | | | \/ |  |                                           |
|                             |                                           |
+-------------------------------------------------------------------------+
| Last revision: 2.0                                                      |
| Last author:   Jimena Gorfinkiel                                        |
| Last date:     Wed Feb 6 15:35:05 2019 +0000                            |
+-------------------------------------------------------------------------+


 PROGRAM SCATCI (19 Oct 2009) : 

                         DATE = 20190304

                         TIME = 021853.151


 CONGEN: e + hydrogen.peroxide_plus_scattering - doublet B                                                                       
 SCATCI: e + hydrogen.peroxide_plus_scattering - doublet B                                                                       
 MGVN =         1     S    =  0.5
 NELT =        19     SZ   =  0.5
 IDIAG=         2     R    =  0.0
 THRES=   0.1D-09     NSYM =    2
 MEGUL= 70, NOCSF=      5880
 NPFLG         0   0   0   0   0   0
 NOB(i)=                    85
 setting NOBE(i)=                    85
 NOB(i)=                    78
 setting NOBE(i)=                    78
 NOB  =        85  78
 NOB0 =         6   6
 NOBC =         6   6
 NDTRF=         1   2   3   4   5   6   7   8   9  10  11  12  13  14  15  16  17  18 171
 NSRB=  326    LNDOF=    685172    LCDOF=     38308
 nfte =   26        nfti =    16       lembf=  5000       iodr =   1
 MOLECULE SYMMETRY CASE,  SYMTYP = 2

 Prototype CSF option requested

 CI target option requested,
 Vectors to be constructed using CONGEN input

 Number of target symmetries in expansion,   NTGSYM =    4
 Number of continuum orbitals for each state, NOTGT =   72   72   79   79
 Number of CI components for each state,      NCTGT =       600       744       576       768
 Number of target states of each symmetry,   NUMTGT =    2    1    1    1
 Continuum M projection  for each state,      MCONT =    1    1    0    0

 Diagonalisation of Hamiltonian matrix requested
 SCATCI will expand NOCSF =   5880 prototype CSFs
               into MXCSF = 203448 actual configurations
               and  MOCSF =    878 dimension final Hamiltonian

 Number of last continuum CSF, NCONT =   5376
     ENERGY EXPRESSIONS COMPUTED FOR MOLECULE SYMMETRY CASE - SYMTYP=  2
 All IIII blocks of integrals
                     1                     0                     0
                     0                     0
                     2                     1                     1
                     1                     1
 All IJIJ blocks
                     3                     1                     0
                     1                     0
 The IIJJ blocks of integrals
                     4                     1                     1
                     0                     0
 NOBE =        85        78
 MBAS =         0         6
 NBASH=         1      3656      6737
   Read wavefunctions from CONGEN and load integrals
                   I         N         G         M         S      MPOS      MCON
                   1         1         0         0         0         0         1
                   2         1         0         0         1         0         1
                   3         2         0         0         0         0         1
                   4         2         0         0         1         0         1
                   5         3         0         0         0         0         1
                   6         3         0         0         1         0         1
                   7         4         0         0         0         0         1
                   8         4         0         0         1         0         1
                   9         5         0         0         0         0         1
                  10         5         0         0         1         0         1
                  11         6         0         0         0         0         1
                  12         6         0         0         1         0         1
                  13         7         0         0         0         0         0
                  14         7         0         0         1         0         0
                  15         8         0         0         0         0         0
                  16         8         0         0         1         0         0
                  17         9         0         0         0         0         0
                  18         9         0         0         1         0         0
                  19        10         0         0         0         0         0
                  20        10         0         0         1         0         0
                  21        11         0         0         0         0         0
                  22        11         0         0         1         0         0
                  23        12         0         0         0         0         0
                  24        12         0         0         1         0         0
                  25        13         0         0         0         0         0
                  26        13         0         0         1         0         0
                  27        14         0         0         0         0         0
                  28        14         0         0         1         0         0
                  29        15         0         0         0         0         0
                  30        15         0         0         1         0         0
                  31        16         0         0         0         0         0
                  32        16         0         0         1         0         0
                  33        17         0         0         0         0         0
                  34        17         0         0         1         0         0
                  35        18         0         0         0         0         0
                  36        18         0         0         1         0         0
                  37        19         0         0         0         0         0
                  38        19         0         0         1         0         0
                  39        20         0         0         0         0         0
                  40        20         0         0         1         0         0
                  41        21         0         0         0         0         0
                  42        21         0         0         1         0         0
                  43        22         0         0         0         0         0
                  44        22         0         0         1         0         0
                  45        23         0         0         0         0         0
                  46        23         0         0         1         0         0
                  47        24         0         0         0         0         0
                  48        24         0         0         1         0         0
                  49        25         0         0         0         0         0
                  50        25         0         0         1         0         0
                  51        26         0         0         0         0         0
                  52        26         0         0         1         0         0
                  53        27         0         0         0         0         0
                  54        27         0         0         1         0         0
                  55        28         0         0         0         0         0
                  56        28         0         0         1         0         0
                  57        29         0         0         0         0         0
                  58        29         0         0         1         0         0
                  59        30         0         0         0         0         0
                  60        30         0         0         1         0         0
                  61        31         0         0         0         0         0
                  62        31         0         0         1         0         0
                  63        32         0         0         0         0         0
                  64        32         0         0         1         0         0
                  65        33         0         0         0         0         0
                  66        33         0         0         1         0         0
                  67        34         0         0         0         0         0
                  68        34         0         0         1         0         0
                  69        35         0         0         0         0         0
                  70        35         0         0         1         0         0
                  71        36         0         0         0         0         0
                  72        36         0         0         1         0         0
                  73        37         0         0         0         0         0
                  74        37         0         0         1         0         0
                  75        38         0         0         0         0         0
                  76        38         0         0         1         0         0
                  77        39         0         0         0         0         0
                  78        39         0         0         1         0         0
                  79        40         0         0         0         0         0
                  80        40         0         0         1         0         0
                  81        41         0         0         0         0         0
                  82        41         0         0         1         0         0
                  83        42         0         0         0         0         0
                  84        42         0         0         1         0         0
                  85        43         0         0         0         0         0
                  86        43         0         0         1         0         0
                  87        44         0         0         0         0         0
                  88        44         0         0         1         0         0
                  89        45         0         0         0         0         0
                  90        45         0         0         1         0         0
                  91        46         0         0         0         0         0
                  92        46         0         0         1         0         0
                  93        47         0         0         0         0         0
                  94        47         0         0         1         0         0
                  95        48         0         0         0         0         0
                  96        48         0         0         1         0         0
                  97        49         0         0         0         0         0
                  98        49         0         0         1         0         0
                  99        50         0         0         0         0         0
                 100        50         0         0         1         0         0
                 101        51         0         0         0         0         0
                 102        51         0         0         1         0         0
                 103        52         0         0         0         0         0
                 104        52         0         0         1         0         0
                 105        53         0         0         0         0         0
                 106        53         0         0         1         0         0
                 107        54         0         0         0         0         0
                 108        54         0         0         1         0         0
                 109        55         0         0         0         0         0
                 110        55         0         0         1         0         0
                 111        56         0         0         0         0         0
                 112        56         0         0         1         0         0
                 113        57         0         0         0         0         0
                 114        57         0         0         1         0         0
                 115        58         0         0         0         0         0
                 116        58         0         0         1         0         0
                 117        59         0         0         0         0         0
                 118        59         0         0         1         0         0
                 119        60         0         0         0         0         0
                 120        60         0         0         1         0         0
                 121        61         0         0         0         0         0
                 122        61         0         0         1         0         0
                 123        62         0         0         0         0         0
                 124        62         0         0         1         0         0
                 125        63         0         0         0         0         0
                 126        63         0         0         1         0         0
                 127        64         0         0         0         0         0
                 128        64         0         0         1         0         0
                 129        65         0         0         0         0         0
                 130        65         0         0         1         0         0
                 131        66         0         0         0         0         0
                 132        66         0         0         1         0         0
                 133        67         0         0         0         0         0
                 134        67         0         0         1         0         0
                 135        68         0         0         0         0         0
                 136        68         0         0         1         0         0
                 137        69         0         0         0         0         0
                 138        69         0         0         1         0         0
                 139        70         0         0         0         0         0
                 140        70         0         0         1         0         0
                 141        71         0         0         0         0         0
                 142        71         0         0         1         0         0
                 143        72         0         0         0         0         0
                 144        72         0         0         1         0         0
                 145        73         0         0         0         0         0
                 146        73         0         0         1         0         0
                 147        74         0         0         0         0         0
                 148        74         0         0         1         0         0
                 149        75         0         0         0         0         0
                 150        75         0         0         1         0         0
                 151        76         0         0         0         0         0
                 152        76         0         0         1         0         0
                 153        77         0         0         0         0         0
                 154        77         0         0         1         0         0
                 155        78         0         0         0         0         0
                 156        78         0         0         1         0         0
                 157        79         0         0         0         0         0
                 158        79         0         0         1         0         0
                 159        80         0         0         0         0         0
                 160        80         0         0         1         0         0
                 161        81         0         0         0         0         0
                 162        81         0         0         1         0         0
                 163        82         0         0         0         0         0
                 164        82         0         0         1         0         0
                 165        83         0         0         0         0         0
                 166        83         0         0         1         0         0
                 167        84         0         0         0         0         0
                 168        84         0         0         1         0         0
                 169        85         0         0         0         0         0
                 170        85         0         0         1         0         0
                 171        86         0         1         0         0         1
                 172        86         0         1         1         0         1
                 173        87         0         1         0         0         1
                 174        87         0         1         1         0         1
                 175        88         0         1         0         0         1
                 176        88         0         1         1         0         1
                 177        89         0         1         0         0         1
                 178        89         0         1         1         0         1
                 179        90         0         1         0         0         1
                 180        90         0         1         1         0         1
                 181        91         0         1         0         0         1
                 182        91         0         1         1         0         1
                 183        92         0         1         0         0         0
                 184        92         0         1         1         0         0
                 185        93         0         1         0         0         0
                 186        93         0         1         1         0         0
                 187        94         0         1         0         0         0
                 188        94         0         1         1         0         0
                 189        95         0         1         0         0         0
                 190        95         0         1         1         0         0
                 191        96         0         1         0         0         0
                 192        96         0         1         1         0         0
                 193        97         0         1         0         0         0
                 194        97         0         1         1         0         0
                 195        98         0         1         0         0         0
                 196        98         0         1         1         0         0
                 197        99         0         1         0         0         0
                 198        99         0         1         1         0         0
                 199       100         0         1         0         0         0
                 200       100         0         1         1         0         0
                 201       101         0         1         0         0         0
                 202       101         0         1         1         0         0
                 203       102         0         1         0         0         0
                 204       102         0         1         1         0         0
                 205       103         0         1         0         0         0
                 206       103         0         1         1         0         0
                 207       104         0         1         0         0         0
                 208       104         0         1         1         0         0
                 209       105         0         1         0         0         0
                 210       105         0         1         1         0         0
                 211       106         0         1         0         0         0
                 212       106         0         1         1         0         0
                 213       107         0         1         0         0         0
                 214       107         0         1         1         0         0
                 215       108         0         1         0         0         0
                 216       108         0         1         1         0         0
                 217       109         0         1         0         0         0
                 218       109         0         1         1         0         0
                 219       110         0         1         0         0         0
                 220       110         0         1         1         0         0
                 221       111         0         1         0         0         0
                 222       111         0         1         1         0         0
                 223       112         0         1         0         0         0
                 224       112         0         1         1         0         0
                 225       113         0         1         0         0         0
                 226       113         0         1         1         0         0
                 227       114         0         1         0         0         0
                 228       114         0         1         1         0         0
                 229       115         0         1         0         0         0
                 230       115         0         1         1         0         0
                 231       116         0         1         0         0         0
                 232       116         0         1         1         0         0
                 233       117         0         1         0         0         0
                 234       117         0         1         1         0         0
                 235       118         0         1         0         0         0
                 236       118         0         1         1         0         0
                 237       119         0         1         0         0         0
                 238       119         0         1         1         0         0
                 239       120         0         1         0         0         0
                 240       120         0         1         1         0         0
                 241       121         0         1         0         0         0
                 242       121         0         1         1         0         0
                 243       122         0         1         0         0         0
                 244       122         0         1         1         0         0
                 245       123         0         1         0         0         0
                 246       123         0         1         1         0         0
                 247       124         0         1         0         0         0
                 248       124         0         1         1         0         0
                 249       125         0         1         0         0         0
                 250       125         0         1         1         0         0
                 251       126         0         1         0         0         0
                 252       126         0         1         1         0         0
                 253       127         0         1         0         0         0
                 254       127         0         1         1         0         0
                 255       128         0         1         0         0         0
                 256       128         0         1         1         0         0
                 257       129         0         1         0         0         0
                 258       129         0         1         1         0         0
                 259       130         0         1         0         0         0
                 260       130         0         1         1         0         0
                 261       131         0         1         0         0         0
                 262       131         0         1         1         0         0
                 263       132         0         1         0         0         0
                 264       132         0         1         1         0         0
                 265       133         0         1         0         0         0
                 266       133         0         1         1         0         0
                 267       134         0         1         0         0         0
                 268       134         0         1         1         0         0
                 269       135         0         1         0         0         0
                 270       135         0         1         1         0         0
                 271       136         0         1         0         0         0
                 272       136         0         1         1         0         0
                 273       137         0         1         0         0         0
                 274       137         0         1         1         0         0
                 275       138         0         1         0         0         0
                 276       138         0         1         1         0         0
                 277       139         0         1         0         0         0
                 278       139         0         1         1         0         0
                 279       140         0         1         0         0         0
                 280       140         0         1         1         0         0
                 281       141         0         1         0         0         0
                 282       141         0         1         1         0         0
                 283       142         0         1         0         0         0
                 284       142         0         1         1         0         0
                 285       143         0         1         0         0         0
                 286       143         0         1         1         0         0
                 287       144         0         1         0         0         0
                 288       144         0         1         1         0         0
                 289       145         0         1         0         0         0
                 290       145         0         1         1         0         0
                 291       146         0         1         0         0         0
                 292       146         0         1         1         0         0
                 293       147         0         1         0         0         0
                 294       147         0         1         1         0         0
                 295       148         0         1         0         0         0
                 296       148         0         1         1         0         0
                 297       149         0         1         0         0         0
                 298       149         0         1         1         0         0
                 299       150         0         1         0         0         0
                 300       150         0         1         1         0         0
                 301       151         0         1         0         0         0
                 302       151         0         1         1         0         0
                 303       152         0         1         0         0         0
                 304       152         0         1         1         0         0
                 305       153         0         1         0         0         0
                 306       153         0         1         1         0         0
                 307       154         0         1         0         0         0
                 308       154         0         1         1         0         0
                 309       155         0         1         0         0         0
                 310       155         0         1         1         0         0
                 311       156         0         1         0         0         0
                 312       156         0         1         1         0         0
                 313       157         0         1         0         0         0
                 314       157         0         1         1         0         0
                 315       158         0         1         0         0         0
                 316       158         0         1         1         0         0
                 317       159         0         1         0         0         0
                 318       159         0         1         1         0         0
                 319       160         0         1         0         0         0
                 320       160         0         1         1         0         0
                 321       161         0         1         0         0         0
                 322       161         0         1         1         0         0
                 323       162         0         1         0         0         0
                 324       162         0         1         1         0         0
                 325       163         0         1         0         0         0
                 326       163         0         1         1         0         0
 GIVEN NSRBD=                   326
 CALCULATED NSRB=                   326

          Assuming UKRMol+ integrals on input.

 On input SCATCI expects:
 1-electron integrals, NINT1e =         0
 2-electron integrals, NINT2e =         0

One electron integrals read-in.

Two electron integrals read-in.

 UKRMol+ integrals read successfully:
 1-electron integrals, NINT1e =     13366
 2-electron integrals, NINT2e =   1341843

          Nuclear repulsion energy =      38.0610639

          Finished reading UKRMol+ integrals.
   Load CI target and construct matrix elements

     2 Eigenvectors to be computed for
   600 dimensional target Hamiltonian matrix

     42849 Hamiltonian elements read from unit NFTE = 26

 SET   1    e + hydrogen.peroxide_plus_scattering - doublet B                                                                       

 NOCSF=  600    NSTAT=    2    EN   =       38.0610638647

 EIGEN-ENERGIES
                     -150.8480984439     -150.5707605390
 STATE  1:  2 transformation vectors selected

     1 Eigenvectors to be computed for
   744 dimensional target Hamiltonian matrix

     76710 Hamiltonian elements read from unit NFTE = 26

 SET   2    e + hydrogen.peroxide_plus_scattering - doublet B                                                                       

 NOCSF=  744    NSTAT=    1    EN   =       38.0610638647

 EIGEN-ENERGIES
                     -150.6156696057
 STATE  2:  1 transformation vectors selected

     1 Eigenvectors to be computed for
   576 dimensional target Hamiltonian matrix

     44304 Hamiltonian elements read from unit NFTE = 26

 SET   3    e + hydrogen.peroxide_plus_scattering - doublet B                                                                       

 NOCSF=  576    NSTAT=    1    EN   =       38.0610638647

 EIGEN-ENERGIES
                     -150.5562618345
 STATE  3:  1 transformation vectors selected

     1 Eigenvectors to be computed for
   768 dimensional target Hamiltonian matrix
 Non-zero matrix elements held in core

     82640 Hamiltonian elements read from unit NFTE = 26

 Davidson diagonalisation completed:
  17 iterations        17 matrix vector multiplies IERR =   0

 SET   4    e + hydrogen.peroxide_plus_scattering - doublet B                                                                       

 NOCSF=  768    NSTAT=    1    EN   =       38.0610638647

 EIGEN-ENERGIES
                     -150.5735198256
 STATE  4:  1 transformation vectors selected
     MXCORB SET TO:       100000000


 TOTAL H Matrix     ELEMENTS      =    385881
 NON-ZERO ELEMENTS evaluated      =    297341
 Total    prototype ELEMENTS      =  17290140
 Non-zero prototype ELEMENTS      =     40752

 Number (prototype) integrals     =    990526
 Compressed (prototype) integrals =    437248
 Number integrals evaluated       =  21564652
 ===================================================
  inside subroutine --> 'dgmain' --> begins. 
 

  ************************************************************************************************************************

 MATRIX DIAGONALIZATION SECTION
 (RUN)     hydrogen.peroxide_plus_scattering CI calculation - doublet B                                                            
  DATA SET FILE NUMBERS AND LENGTH SPECIFICATIONS :
      NFTE = 26      NFTW =     25

 NPFLG :      0     0
 NCISET:      1

 NPCVC =    1
 THRHM = 0.10D-14


 (EMX)     e + hydrogen.peroxide_plus_scattering - doublet B                                                                       

   878 Eigenvectors to be computed for
   878 dimensional final Hamiltonian matrix

 Givens-Householder diagonalisation forced

    297341 Hamiltonian elements read from unit NFTE = 26
 CI data stored as set number  1

 SET   1    hydrogen.peroxide_plus_scattering CI calculation - doublet B                                                            

 MGVN = 1    s =   0.5    sz =   0.5    NELT =   19    NNUC =  5

 Nuclear data     X         Y         Z       Charge
   O  1        0.000000  1.315816 -0.104313  8.000000
   O  1        0.000000 -1.315816 -0.104313  8.000000
   H  2        1.477199  1.699053  0.834503  1.000000
   H  2       -1.477199 -1.699053  0.834503  1.000000
   sc 3        0.000000  0.000000  0.000000  0.000000

 NOCSF=  878    NSTAT=  878    EN   =       38.0610638647

 NTGSYM=   4
  I   MCONT  NOTGT
  1      1     72
  2      1     72
  3      0     79
  4      0     79

 EIGEN-ENERGIES
                     -150.8289411846     -150.8244702771     -150.8045186343     -150.8024269847     -150.7759317821
                     -150.7755358100     -150.7748822176     -150.7737245746     -150.7468783863     -150.7400291859
                     -150.7395309299     -150.7388850735     -150.7380287874     -150.7271359113     -150.6878348895
                     -150.6778115926     -150.6304423853     -150.6272675652     -150.6238722601     -150.6198353273
                     -150.6118346783     -150.5979685238     -150.5917958160     -150.5744287118     -150.5730104742
                     -150.5710317519     -150.5683565549     -150.5557530442     -150.5542650114     -150.5529804851
                     -150.5524719905     -150.5506997082     -150.5502640482     -150.5469083753     -150.5441352285
                     -150.5432863228     -150.5427244793     -150.5417604156     -150.5415915267     -150.5350475137
                     -150.5292676966     -150.5288386295     -150.5284431527     -150.5266027261     -150.5256132835
                     -150.5229878098     -150.5213396738     -150.5127935205     -150.5123422405     -150.5121860168
                     -150.5100965247     -150.5085675825     -150.5078192315     -150.5070276822     -150.5059546486
                     -150.5041742981     -150.5000270684     -150.4996040026     -150.4993633779     -150.4981366440
                     -150.4974392968     -150.4970939435     -150.4966261841     -150.4928336776     -150.4849660085
                     -150.4835726677     -150.4832586910     -150.4830565962     -150.4650292200     -150.4648005329
                     -150.4646622800     -150.4645971645     -150.4645189595     -150.4625415333     -150.4619782577
                     -150.4615077678     -150.4612656789     -150.4610124771     -150.4570198469     -150.4526911896
                     -150.4477315763     -150.4475088854     -150.4473871927     -150.4473101180     -150.4472276690
                     -150.4466300697     -150.4445161484     -150.4392604322     -150.4304074671     -150.4229974682
                     -150.4209256456     -150.4126721080     -150.4115444978     -150.4113433240     -150.4102214050
                     -150.4059802155     -150.4046108673     -150.3986878162     -150.3963002265     -150.3953601893
                     -150.3917278921     -150.3906678452     -150.3895372515     -150.3877144802     -150.3841323041
                     -150.3621942376     -150.3546515137     -150.3502347768     -150.3495259125     -150.3494331649
                     -150.3482195300     -150.3465696494     -150.3454987248     -150.3430783654     -150.3392069422
                     -150.3334634495     -150.3318549524     -150.3313046169     -150.3271991295     -150.3224858865
                     -150.3211515142     -150.3199175598     -150.3185921783     -150.3178898515     -150.3151056963
                     -150.3117885599     -150.3079576384     -150.3003895496     -150.2966500412     -150.2939025095
                     -150.2881258398     -150.2802545106     -150.2798253650     -150.2791552135     -150.2791046255
                     -150.2787676005     -150.2785330059     -150.2782696783     -150.2780713427     -150.2767362182
                     -150.2752876411     -150.2737491276     -150.2711894881     -150.2632563956     -150.2628986774
                     -150.2623292015     -150.2617500375     -150.2613693557     -150.2573677425     -150.2537319940
                     -150.2466095275     -150.2432219133     -150.2378547982     -150.2346954776     -150.2305016002
                     -150.2263230238     -150.2181952643     -150.2165806365     -150.2140936112     -150.2093025195
                     -150.2042538376     -150.1918438176     -150.1887789999     -150.1858861101     -150.1805808411
                     -150.1764806766     -150.1715387128     -150.1539209449     -150.1525620154     -150.1512132551
                     -150.1500354416     -150.1475798813     -150.1430527856     -150.1416843651     -150.1387912225
                     -150.1374455028     -150.1370568992     -150.1362711381     -150.1324332197     -150.1262494179
                     -150.1243295026     -150.1192164494     -150.1115418699     -150.1027934329     -150.0845499946
                     -150.0820424941     -150.0794235663     -150.0767358131     -150.0742313938     -150.0666120416
                     -150.0633000815     -150.0559233608     -150.0486351810     -150.0447153097     -150.0412172864
                     -150.0410814086     -150.0401892359     -150.0400563178     -150.0389040942     -150.0382093642
                     -150.0379208517     -150.0350580816     -150.0346032123     -150.0327067926     -150.0321110557
                     -150.0288642356     -150.0264589379     -150.0256836175     -150.0244019270     -150.0230438797
                     -150.0216851124     -150.0195758688     -150.0195160193     -150.0126879172     -150.0048681340
                     -150.0021700624     -149.9992840011     -149.9982232311     -149.9904806179     -149.9844593632
                     -149.9822603936     -149.9750829931     -149.9699982175     -149.9653338666     -149.9612942460
                     -149.9525415705     -149.9488385210     -149.9458289986     -149.9367998707     -149.9240426534
                     -149.9176501499     -149.9135567510     -149.9075062175     -149.9051095572     -149.9030996236
                     -149.8987470645     -149.8814104510     -149.8792567858     -149.8760626431     -149.8721566677
                     -149.8711965296     -149.8679977891     -149.8665652398     -149.8614210846     -149.8599350367
                     -149.8537791978     -149.8415525458     -149.8406464265     -149.8344069891     -149.8332870445
                     -149.8291646244     -149.8252653516     -149.8186211495     -149.8079242813     -149.7988872615
                     -149.7977121716     -149.7911192337     -149.7904502310     -149.7754423951     -149.7746485743
                     -149.7677397435     -149.7656498890     -149.7638457027     -149.7615707432     -149.7571627847
                     -149.7530735382     -149.7520082897     -149.7494627850     -149.7445977036     -149.7405272201
                     -149.7382938942     -149.7361177813     -149.7323430523     -149.7316603318     -149.7269770677
                     -149.7265151409     -149.7243933306     -149.7225808852     -149.7215834003     -149.7179050335
                     -149.7168752526     -149.7159318463     -149.7143479478     -149.7128269077     -149.7118336196
                     -149.7091289327     -149.7078817852     -149.7077795054     -149.7015577560     -149.7009514758
                     -149.6989150110     -149.6962773106     -149.6936378915     -149.6897266924     -149.6702779614
                     -149.6660801602     -149.6629898600     -149.6596619440     -149.6569595139     -149.6486236275
                     -149.6426874450     -149.6342266909     -149.6173132716     -149.6163115751     -149.6135234741
                     -149.6114350740     -149.6080153918     -149.6001513560     -149.5976010745     -149.5956625482
                     -149.5894652191     -149.5807481674     -149.5783934237     -149.5764535179     -149.5744814161
                     -149.5712610716     -149.5639760614     -149.5626846278     -149.5547726291     -149.5506288961
                     -149.5426473581     -149.5338343620     -149.5312106163     -149.5270657900     -149.5236014204
                     -149.5157474725     -149.5039986259     -149.5016205444     -149.4977870043     -149.4917385850
                     -149.4910481450     -149.4836229920     -149.4724062211     -149.4706561655     -149.4597509636
                     -149.4561313483     -149.4547247770     -149.4509267805     -149.4419486775     -149.4391615706
                     -149.4320527471     -149.4227195568     -149.4185538732     -149.4144048879     -149.4099893018
                     -149.4071646747     -149.4054106491     -149.4019111670     -149.4000720956     -149.3987607503
                     -149.3910387964     -149.3887965452     -149.3824699184     -149.3728565094     -149.3628014044
                     -149.3588659501     -149.3526742072     -149.3480461809     -149.3449285522     -149.3354758160
                     -149.3327883956     -149.3306762641     -149.3227757849     -149.3213576402     -149.3188714760
                     -149.3154084630     -149.3135509391     -149.3113020327     -149.3091095577     -149.3076336486
                     -149.3019434352     -149.2973777239     -149.2960105881     -149.2831367357     -149.2783534329
                     -149.2740757094     -149.2630757895     -149.2590160248     -149.2468071454     -149.2462186918
                     -149.2447360298     -149.2415855844     -149.2346226868     -149.2323191416     -149.2274629591
                     -149.2272012450     -149.2224551688     -149.2204779177     -149.2147676735     -149.2131641988
                     -149.2070502496     -149.2011079995     -149.1976048680     -149.1909809241     -149.1894256444
                     -149.1854453269     -149.1823374515     -149.1806296120     -149.1777515339     -149.1764000204
