+-------------------------------------------------------------------------+
|              _              |                                           |
| || || ||//  | \          |  | University College London (C) 1994 - 2019 |
| || || ||    | / |/\/\ /\ |  | Open University           (C) 2007 - 2019 |
| \\_// ||\\  | \ | | | \/ |  |                                           |
|                             |                                           |
+-------------------------------------------------------------------------+
| Last revision: 2.0                                                      |
| Last author:   Jimena Gorfinkiel                                        |
| Last date:     Wed Feb 6 15:35:05 2019 +0000                            |
+-------------------------------------------------------------------------+


 PROGRAM SCATCI (19 Oct 2009) : 

                         DATE = 20190304

                         TIME = 021823.639


 CONGEN: e + hydrogen.peroxide_plus_scattering - doublet A                                                                       
 SCATCI: e + hydrogen.peroxide_plus_scattering - doublet A                                                                       
 MGVN =         0     S    =  0.5
 NELT =        19     SZ   =  0.5
 IDIAG=         2     R    =  0.0
 THRES=   0.1D-09     NSYM =    2
 MEGUL= 70, NOCSF=      5880
 NPFLG         0   0   0   0   0   0
 NOB(i)=                    85
 setting NOBE(i)=                    85
 NOB(i)=                    78
 setting NOBE(i)=                    78
 NOB  =        85  78
 NOB0 =         6   6
 NOBC =         6   6
 NDTRF=         1   2   3   4   5   6   7   8   9  10  11  12  13  14  15  16  17  18  19
 NSRB=  326    LNDOF=    770532    LCDOF=     38308
 nfte =   26        nfti =    16       lembf=  5000       iodr =   1
 MOLECULE SYMMETRY CASE,  SYMTYP = 2

 Prototype CSF option requested

 CI target option requested,
 Vectors to be constructed using CONGEN input

 Number of target symmetries in expansion,   NTGSYM =    4
 Number of continuum orbitals for each state, NOTGT =   79   79   72   72
 Number of CI components for each state,      NCTGT =       600       744       576       768
 Number of target states of each symmetry,   NUMTGT =    2    1    1    1
 Continuum M projection  for each state,      MCONT =    0    0    1    1

 Diagonalisation of Hamiltonian matrix requested
 SCATCI will expand NOCSF =   5880 prototype CSFs
               into MXCSF = 203448 actual configurations
               and  MOCSF =    885 dimension final Hamiltonian

 Number of last continuum CSF, NCONT =   5376
     ENERGY EXPRESSIONS COMPUTED FOR MOLECULE SYMMETRY CASE - SYMTYP=  2
 All IIII blocks of integrals
                     1                     0                     0
                     0                     0
                     2                     1                     1
                     1                     1
 All IJIJ blocks
                     3                     1                     0
                     1                     0
 The IIJJ blocks of integrals
                     4                     1                     1
                     0                     0
 NOBE =        85        78
 MBAS =         0         6
 NBASH=         1      3656      6737
   Read wavefunctions from CONGEN and load integrals
                   I         N         G         M         S      MPOS      MCON
                   1         1         0         0         0         0         1
                   2         1         0         0         1         0         1
                   3         2         0         0         0         0         1
                   4         2         0         0         1         0         1
                   5         3         0         0         0         0         1
                   6         3         0         0         1         0         1
                   7         4         0         0         0         0         1
                   8         4         0         0         1         0         1
                   9         5         0         0         0         0         1
                  10         5         0         0         1         0         1
                  11         6         0         0         0         0         1
                  12         6         0         0         1         0         1
                  13         7         0         0         0         0         0
                  14         7         0         0         1         0         0
                  15         8         0         0         0         0         0
                  16         8         0         0         1         0         0
                  17         9         0         0         0         0         0
                  18         9         0         0         1         0         0
                  19        10         0         0         0         0         0
                  20        10         0         0         1         0         0
                  21        11         0         0         0         0         0
                  22        11         0         0         1         0         0
                  23        12         0         0         0         0         0
                  24        12         0         0         1         0         0
                  25        13         0         0         0         0         0
                  26        13         0         0         1         0         0
                  27        14         0         0         0         0         0
                  28        14         0         0         1         0         0
                  29        15         0         0         0         0         0
                  30        15         0         0         1         0         0
                  31        16         0         0         0         0         0
                  32        16         0         0         1         0         0
                  33        17         0         0         0         0         0
                  34        17         0         0         1         0         0
                  35        18         0         0         0         0         0
                  36        18         0         0         1         0         0
                  37        19         0         0         0         0         0
                  38        19         0         0         1         0         0
                  39        20         0         0         0         0         0
                  40        20         0         0         1         0         0
                  41        21         0         0         0         0         0
                  42        21         0         0         1         0         0
                  43        22         0         0         0         0         0
                  44        22         0         0         1         0         0
                  45        23         0         0         0         0         0
                  46        23         0         0         1         0         0
                  47        24         0         0         0         0         0
                  48        24         0         0         1         0         0
                  49        25         0         0         0         0         0
                  50        25         0         0         1         0         0
                  51        26         0         0         0         0         0
                  52        26         0         0         1         0         0
                  53        27         0         0         0         0         0
                  54        27         0         0         1         0         0
                  55        28         0         0         0         0         0
                  56        28         0         0         1         0         0
                  57        29         0         0         0         0         0
                  58        29         0         0         1         0         0
                  59        30         0         0         0         0         0
                  60        30         0         0         1         0         0
                  61        31         0         0         0         0         0
                  62        31         0         0         1         0         0
                  63        32         0         0         0         0         0
                  64        32         0         0         1         0         0
                  65        33         0         0         0         0         0
                  66        33         0         0         1         0         0
                  67        34         0         0         0         0         0
                  68        34         0         0         1         0         0
                  69        35         0         0         0         0         0
                  70        35         0         0         1         0         0
                  71        36         0         0         0         0         0
                  72        36         0         0         1         0         0
                  73        37         0         0         0         0         0
                  74        37         0         0         1         0         0
                  75        38         0         0         0         0         0
                  76        38         0         0         1         0         0
                  77        39         0         0         0         0         0
                  78        39         0         0         1         0         0
                  79        40         0         0         0         0         0
                  80        40         0         0         1         0         0
                  81        41         0         0         0         0         0
                  82        41         0         0         1         0         0
                  83        42         0         0         0         0         0
                  84        42         0         0         1         0         0
                  85        43         0         0         0         0         0
                  86        43         0         0         1         0         0
                  87        44         0         0         0         0         0
                  88        44         0         0         1         0         0
                  89        45         0         0         0         0         0
                  90        45         0         0         1         0         0
                  91        46         0         0         0         0         0
                  92        46         0         0         1         0         0
                  93        47         0         0         0         0         0
                  94        47         0         0         1         0         0
                  95        48         0         0         0         0         0
                  96        48         0         0         1         0         0
                  97        49         0         0         0         0         0
                  98        49         0         0         1         0         0
                  99        50         0         0         0         0         0
                 100        50         0         0         1         0         0
                 101        51         0         0         0         0         0
                 102        51         0         0         1         0         0
                 103        52         0         0         0         0         0
                 104        52         0         0         1         0         0
                 105        53         0         0         0         0         0
                 106        53         0         0         1         0         0
                 107        54         0         0         0         0         0
                 108        54         0         0         1         0         0
                 109        55         0         0         0         0         0
                 110        55         0         0         1         0         0
                 111        56         0         0         0         0         0
                 112        56         0         0         1         0         0
                 113        57         0         0         0         0         0
                 114        57         0         0         1         0         0
                 115        58         0         0         0         0         0
                 116        58         0         0         1         0         0
                 117        59         0         0         0         0         0
                 118        59         0         0         1         0         0
                 119        60         0         0         0         0         0
                 120        60         0         0         1         0         0
                 121        61         0         0         0         0         0
                 122        61         0         0         1         0         0
                 123        62         0         0         0         0         0
                 124        62         0         0         1         0         0
                 125        63         0         0         0         0         0
                 126        63         0         0         1         0         0
                 127        64         0         0         0         0         0
                 128        64         0         0         1         0         0
                 129        65         0         0         0         0         0
                 130        65         0         0         1         0         0
                 131        66         0         0         0         0         0
                 132        66         0         0         1         0         0
                 133        67         0         0         0         0         0
                 134        67         0         0         1         0         0
                 135        68         0         0         0         0         0
                 136        68         0         0         1         0         0
                 137        69         0         0         0         0         0
                 138        69         0         0         1         0         0
                 139        70         0         0         0         0         0
                 140        70         0         0         1         0         0
                 141        71         0         0         0         0         0
                 142        71         0         0         1         0         0
                 143        72         0         0         0         0         0
                 144        72         0         0         1         0         0
                 145        73         0         0         0         0         0
                 146        73         0         0         1         0         0
                 147        74         0         0         0         0         0
                 148        74         0         0         1         0         0
                 149        75         0         0         0         0         0
                 150        75         0         0         1         0         0
                 151        76         0         0         0         0         0
                 152        76         0         0         1         0         0
                 153        77         0         0         0         0         0
                 154        77         0         0         1         0         0
                 155        78         0         0         0         0         0
                 156        78         0         0         1         0         0
                 157        79         0         0         0         0         0
                 158        79         0         0         1         0         0
                 159        80         0         0         0         0         0
                 160        80         0         0         1         0         0
                 161        81         0         0         0         0         0
                 162        81         0         0         1         0         0
                 163        82         0         0         0         0         0
                 164        82         0         0         1         0         0
                 165        83         0         0         0         0         0
                 166        83         0         0         1         0         0
                 167        84         0         0         0         0         0
                 168        84         0         0         1         0         0
                 169        85         0         0         0         0         0
                 170        85         0         0         1         0         0
                 171        86         0         1         0         0         1
                 172        86         0         1         1         0         1
                 173        87         0         1         0         0         1
                 174        87         0         1         1         0         1
                 175        88         0         1         0         0         1
                 176        88         0         1         1         0         1
                 177        89         0         1         0         0         1
                 178        89         0         1         1         0         1
                 179        90         0         1         0         0         1
                 180        90         0         1         1         0         1
                 181        91         0         1         0         0         1
                 182        91         0         1         1         0         1
                 183        92         0         1         0         0         0
                 184        92         0         1         1         0         0
                 185        93         0         1         0         0         0
                 186        93         0         1         1         0         0
                 187        94         0         1         0         0         0
                 188        94         0         1         1         0         0
                 189        95         0         1         0         0         0
                 190        95         0         1         1         0         0
                 191        96         0         1         0         0         0
                 192        96         0         1         1         0         0
                 193        97         0         1         0         0         0
                 194        97         0         1         1         0         0
                 195        98         0         1         0         0         0
                 196        98         0         1         1         0         0
                 197        99         0         1         0         0         0
                 198        99         0         1         1         0         0
                 199       100         0         1         0         0         0
                 200       100         0         1         1         0         0
                 201       101         0         1         0         0         0
                 202       101         0         1         1         0         0
                 203       102         0         1         0         0         0
                 204       102         0         1         1         0         0
                 205       103         0         1         0         0         0
                 206       103         0         1         1         0         0
                 207       104         0         1         0         0         0
                 208       104         0         1         1         0         0
                 209       105         0         1         0         0         0
                 210       105         0         1         1         0         0
                 211       106         0         1         0         0         0
                 212       106         0         1         1         0         0
                 213       107         0         1         0         0         0
                 214       107         0         1         1         0         0
                 215       108         0         1         0         0         0
                 216       108         0         1         1         0         0
                 217       109         0         1         0         0         0
                 218       109         0         1         1         0         0
                 219       110         0         1         0         0         0
                 220       110         0         1         1         0         0
                 221       111         0         1         0         0         0
                 222       111         0         1         1         0         0
                 223       112         0         1         0         0         0
                 224       112         0         1         1         0         0
                 225       113         0         1         0         0         0
                 226       113         0         1         1         0         0
                 227       114         0         1         0         0         0
                 228       114         0         1         1         0         0
                 229       115         0         1         0         0         0
                 230       115         0         1         1         0         0
                 231       116         0         1         0         0         0
                 232       116         0         1         1         0         0
                 233       117         0         1         0         0         0
                 234       117         0         1         1         0         0
                 235       118         0         1         0         0         0
                 236       118         0         1         1         0         0
                 237       119         0         1         0         0         0
                 238       119         0         1         1         0         0
                 239       120         0         1         0         0         0
                 240       120         0         1         1         0         0
                 241       121         0         1         0         0         0
                 242       121         0         1         1         0         0
                 243       122         0         1         0         0         0
                 244       122         0         1         1         0         0
                 245       123         0         1         0         0         0
                 246       123         0         1         1         0         0
                 247       124         0         1         0         0         0
                 248       124         0         1         1         0         0
                 249       125         0         1         0         0         0
                 250       125         0         1         1         0         0
                 251       126         0         1         0         0         0
                 252       126         0         1         1         0         0
                 253       127         0         1         0         0         0
                 254       127         0         1         1         0         0
                 255       128         0         1         0         0         0
                 256       128         0         1         1         0         0
                 257       129         0         1         0         0         0
                 258       129         0         1         1         0         0
                 259       130         0         1         0         0         0
                 260       130         0         1         1         0         0
                 261       131         0         1         0         0         0
                 262       131         0         1         1         0         0
                 263       132         0         1         0         0         0
                 264       132         0         1         1         0         0
                 265       133         0         1         0         0         0
                 266       133         0         1         1         0         0
                 267       134         0         1         0         0         0
                 268       134         0         1         1         0         0
                 269       135         0         1         0         0         0
                 270       135         0         1         1         0         0
                 271       136         0         1         0         0         0
                 272       136         0         1         1         0         0
                 273       137         0         1         0         0         0
                 274       137         0         1         1         0         0
                 275       138         0         1         0         0         0
                 276       138         0         1         1         0         0
                 277       139         0         1         0         0         0
                 278       139         0         1         1         0         0
                 279       140         0         1         0         0         0
                 280       140         0         1         1         0         0
                 281       141         0         1         0         0         0
                 282       141         0         1         1         0         0
                 283       142         0         1         0         0         0
                 284       142         0         1         1         0         0
                 285       143         0         1         0         0         0
                 286       143         0         1         1         0         0
                 287       144         0         1         0         0         0
                 288       144         0         1         1         0         0
                 289       145         0         1         0         0         0
                 290       145         0         1         1         0         0
                 291       146         0         1         0         0         0
                 292       146         0         1         1         0         0
                 293       147         0         1         0         0         0
                 294       147         0         1         1         0         0
                 295       148         0         1         0         0         0
                 296       148         0         1         1         0         0
                 297       149         0         1         0         0         0
                 298       149         0         1         1         0         0
                 299       150         0         1         0         0         0
                 300       150         0         1         1         0         0
                 301       151         0         1         0         0         0
                 302       151         0         1         1         0         0
                 303       152         0         1         0         0         0
                 304       152         0         1         1         0         0
                 305       153         0         1         0         0         0
                 306       153         0         1         1         0         0
                 307       154         0         1         0         0         0
                 308       154         0         1         1         0         0
                 309       155         0         1         0         0         0
                 310       155         0         1         1         0         0
                 311       156         0         1         0         0         0
                 312       156         0         1         1         0         0
                 313       157         0         1         0         0         0
                 314       157         0         1         1         0         0
                 315       158         0         1         0         0         0
                 316       158         0         1         1         0         0
                 317       159         0         1         0         0         0
                 318       159         0         1         1         0         0
                 319       160         0         1         0         0         0
                 320       160         0         1         1         0         0
                 321       161         0         1         0         0         0
                 322       161         0         1         1         0         0
                 323       162         0         1         0         0         0
                 324       162         0         1         1         0         0
                 325       163         0         1         0         0         0
                 326       163         0         1         1         0         0
 GIVEN NSRBD=                   326
 CALCULATED NSRB=                   326

          Assuming UKRMol+ integrals on input.

 On input SCATCI expects:
 1-electron integrals, NINT1e =         0
 2-electron integrals, NINT2e =         0

One electron integrals read-in.

Two electron integrals read-in.

 UKRMol+ integrals read successfully:
 1-electron integrals, NINT1e =     13366
 2-electron integrals, NINT2e =   1341843

          Nuclear repulsion energy =      38.0610639

          Finished reading UKRMol+ integrals.
   Load CI target and construct matrix elements

     2 Eigenvectors to be computed for
   600 dimensional target Hamiltonian matrix

     42849 Hamiltonian elements read from unit NFTE = 26

 SET   1    e + hydrogen.peroxide_plus_scattering - doublet A                                                                       

 NOCSF=  600    NSTAT=    2    EN   =       38.0610638647

 EIGEN-ENERGIES
                     -150.8480984439     -150.5707605390
 STATE  1:  2 transformation vectors selected

     1 Eigenvectors to be computed for
   744 dimensional target Hamiltonian matrix

     76710 Hamiltonian elements read from unit NFTE = 26

 SET   2    e + hydrogen.peroxide_plus_scattering - doublet A                                                                       

 NOCSF=  744    NSTAT=    1    EN   =       38.0610638647

 EIGEN-ENERGIES
                     -150.6156696057
 STATE  2:  1 transformation vectors selected

     1 Eigenvectors to be computed for
   576 dimensional target Hamiltonian matrix

     44304 Hamiltonian elements read from unit NFTE = 26

 SET   3    e + hydrogen.peroxide_plus_scattering - doublet A                                                                       

 NOCSF=  576    NSTAT=    1    EN   =       38.0610638647

 EIGEN-ENERGIES
                     -150.5562618345
 STATE  3:  1 transformation vectors selected

     1 Eigenvectors to be computed for
   768 dimensional target Hamiltonian matrix
 Non-zero matrix elements held in core

     82640 Hamiltonian elements read from unit NFTE = 26

 Davidson diagonalisation completed:
  17 iterations        17 matrix vector multiplies IERR =   0

 SET   4    e + hydrogen.peroxide_plus_scattering - doublet A                                                                       

 NOCSF=  768    NSTAT=    1    EN   =       38.0610638647

 EIGEN-ENERGIES
                     -150.5735198256
 STATE  4:  1 transformation vectors selected
     MXCORB SET TO:       100000000


 TOTAL H Matrix     ELEMENTS      =    392055
 NON-ZERO ELEMENTS evaluated      =    303515
 Total    prototype ELEMENTS      =  17290140
 Non-zero prototype ELEMENTS      =     40752

 Number (prototype) integrals     =    990526
 Compressed (prototype) integrals =    437248
 Number integrals evaluated       =  21507112
 ===================================================
  inside subroutine --> 'dgmain' --> begins. 
 

  ************************************************************************************************************************

 MATRIX DIAGONALIZATION SECTION
 (RUN)     hydrogen.peroxide_plus_scattering CI calculation - doublet A                                                            
  DATA SET FILE NUMBERS AND LENGTH SPECIFICATIONS :
      NFTE = 26      NFTW =     25

 NPFLG :      0     0
 NCISET:      1

 NPCVC =    1
 THRHM = 0.10D-14


 (EMX)     e + hydrogen.peroxide_plus_scattering - doublet A                                                                       

   885 Eigenvectors to be computed for
   885 dimensional final Hamiltonian matrix

 Givens-Householder diagonalisation forced

    303515 Hamiltonian elements read from unit NFTE = 26
 CI data stored as set number  1

 SET   1    hydrogen.peroxide_plus_scattering CI calculation - doublet A                                                            

 MGVN = 0    s =   0.5    sz =   0.5    NELT =   19    NNUC =  5

 Nuclear data     X         Y         Z       Charge
   O  1        0.000000  1.315816 -0.104313  8.000000
   O  1        0.000000 -1.315816 -0.104313  8.000000
   H  2        1.477199  1.699053  0.834503  1.000000
   H  2       -1.477199 -1.699053  0.834503  1.000000
   sc 3        0.000000  0.000000  0.000000  0.000000

 NOCSF=  885    NSTAT=  885    EN   =       38.0610638647

 NTGSYM=   4
  I   MCONT  NOTGT
  1      0     79
  2      0     79
  3      1     72
  4      1     72

 EIGEN-ENERGIES
                     -150.8415949395     -150.8236019619     -150.8050894705     -150.8043807251     -150.8025207497
                     -150.7759644451     -150.7749007436     -150.7737143036     -150.7709886858     -150.7401084958
                     -150.7398238960     -150.7394894516     -150.7388855590     -150.7380278428     -150.7246576544
                     -150.6888203645     -150.6850101337     -150.6784778618     -150.6310176919     -150.6231107895
                     -150.6220091151     -150.6193770314     -150.6088726198     -150.5922198957     -150.5733546087
                     -150.5720290071     -150.5703965295     -150.5694838828     -150.5571673553     -150.5550525135
                     -150.5550350339     -150.5541681788     -150.5524533003     -150.5514702772     -150.5502614648
                     -150.5498086450     -150.5475969468     -150.5457426192     -150.5437555252     -150.5428257263
                     -150.5415957265     -150.5350013664     -150.5296130513     -150.5288523393     -150.5285320441
                     -150.5263558774     -150.5253284031     -150.5245074373     -150.5194475050     -150.5133017571
                     -150.5122976493     -150.5086416967     -150.5082259140     -150.5077905376     -150.5074977513
                     -150.5069984906     -150.5059506160     -150.5029851425     -150.4999712848     -150.4995462118
                     -150.4993591559     -150.4992630661     -150.4981230841     -150.4973821744     -150.4966599484
                     -150.4940878878     -150.4906647189     -150.4835903722     -150.4834471909     -150.4832308865
                     -150.4830518790     -150.4650178840     -150.4648033602     -150.4646682701     -150.4645248099
                     -150.4637066896     -150.4625304562     -150.4619884666     -150.4616503010     -150.4614107624
                     -150.4610054304     -150.4547066566     -150.4516265284     -150.4507719392     -150.4477320185
                     -150.4475015847     -150.4473431609     -150.4472267134     -150.4468976547     -150.4426324880
                     -150.4392226136     -150.4358729384     -150.4349330246     -150.4178899076     -150.4144489300
                     -150.4122667369     -150.4112384432     -150.4097340336     -150.4055049068     -150.4006280789
                     -150.3995024294     -150.3977587539     -150.3923072782     -150.3900445698     -150.3883618468
                     -150.3878002905     -150.3769857054     -150.3558974800     -150.3504565077     -150.3489663001
                     -150.3486112768     -150.3481788777     -150.3459065806     -150.3433168888     -150.3422846731
                     -150.3366502413     -150.3329513944     -150.3326616439     -150.3312851793     -150.3244273474
                     -150.3224854656     -150.3218878831     -150.3211767953     -150.3203184704     -150.3196509915
                     -150.3185623343     -150.3165846279     -150.3157188105     -150.3150205709     -150.3118356620
                     -150.3116085113     -150.3078530920     -150.2917931748     -150.2900921991     -150.2837992067
                     -150.2817122099     -150.2797417700     -150.2792319986     -150.2786630704     -150.2783649905
                     -150.2782980580     -150.2768771821     -150.2759410418     -150.2750895025     -150.2737818371
                     -150.2736331527     -150.2669740052     -150.2633528380     -150.2627166310     -150.2617780562
                     -150.2613668831     -150.2593754159     -150.2566770433     -150.2516944737     -150.2505064051
                     -150.2426187389     -150.2417098593     -150.2351629904     -150.2234472830     -150.2211912565
                     -150.2128239819     -150.2115689783     -150.2070333501     -150.1970512312     -150.1846968935
                     -150.1802677254     -150.1800876760     -150.1654672677     -150.1617975469     -150.1537942956
                     -150.1473999905     -150.1458903645     -150.1430060563     -150.1418986608     -150.1414786259
                     -150.1387054931     -150.1361261911     -150.1355879925     -150.1319301516     -150.1268378917
                     -150.1249545436     -150.1194012846     -150.1174346740     -150.1057711808     -150.1011656454
                     -150.0917135989     -150.0887279401     -150.0876836365     -150.0840921055     -150.0832566012
                     -150.0819641883     -150.0808583438     -150.0793850045     -150.0766749685     -150.0628335441
                     -150.0520061785     -150.0476848038     -150.0414277558     -150.0410276493     -150.0407045911
                     -150.0398290990     -150.0387639776     -150.0384833959     -150.0380882718     -150.0373200944
                     -150.0350707044     -150.0340765082     -150.0321602242     -150.0298825386     -150.0254370365
                     -150.0230907314     -150.0228810857     -150.0217023818     -150.0210276986     -150.0204691673
                     -150.0179416907     -150.0073255646     -150.0052070230     -150.0014546757     -149.9990025071
                     -149.9959049464     -149.9938582683     -149.9873312616     -149.9813876954     -149.9804208687
                     -149.9713181419     -149.9668025462     -149.9552605869     -149.9538116850     -149.9440720776
                     -149.9410009185     -149.9344361503     -149.9233139432     -149.9200566137     -149.9117584025
                     -149.9073056812     -149.9047110010     -149.9040092257     -149.8925085224     -149.8904773269
                     -149.8842909124     -149.8807490648     -149.8723229346     -149.8703485133     -149.8690488114
                     -149.8668739876     -149.8613432335     -149.8601010507     -149.8545400776     -149.8538048915
                     -149.8482899802     -149.8466085335     -149.8407611755     -149.8363648468     -149.8307906469
                     -149.8275008155     -149.8128856878     -149.8043276573     -149.7938521493     -149.7902596711
                     -149.7889025382     -149.7853124567     -149.7770972008     -149.7720089013     -149.7688120629
                     -149.7674871294     -149.7670590126     -149.7635157053     -149.7590719574     -149.7532480629
                     -149.7481202363     -149.7418152837     -149.7341106548     -149.7323085816     -149.7283409396
                     -149.7266420678     -149.7256548501     -149.7244916096     -149.7225003987     -149.7204033599
                     -149.7180438694     -149.7173542503     -149.7168098362     -149.7155630487     -149.7130838909
                     -149.7099474789     -149.7089771586     -149.7076914718     -149.7046556845     -149.7015629926
                     -149.7009764322     -149.7008557956     -149.6926716225     -149.6900646233     -149.6810777544
                     -149.6720578059     -149.6648708398     -149.6636350363     -149.6606335053     -149.6523245612
                     -149.6414479809     -149.6368109239     -149.6255508660     -149.6202321051     -149.6089394646
                     -149.6018872986     -149.6010288328     -149.5969579261     -149.5950545372     -149.5885979398
                     -149.5806749505     -149.5796560127     -149.5764808726     -149.5721331407     -149.5670698268
                     -149.5648163082     -149.5588910390     -149.5562244299     -149.5519612876     -149.5489797387
                     -149.5450924914     -149.5415347328     -149.5367227352     -149.5341937289     -149.5331935926
                     -149.5259693329     -149.5220448313     -149.5163703812     -149.5129865537     -149.5093669001
                     -149.5044349234     -149.5038070412     -149.5019839211     -149.4926945911     -149.4908730004
                     -149.4902702190     -149.4832504567     -149.4767922820     -149.4697276418     -149.4630530768
                     -149.4610341154     -149.4545885740     -149.4528985619     -149.4479938487     -149.4449098193
                     -149.4384712589     -149.4326881516     -149.4308250159     -149.4261719434     -149.4171140031
                     -149.4037149677     -149.3993848217     -149.3943622244     -149.3858595715     -149.3830605368
                     -149.3745348718     -149.3706935535     -149.3606113961     -149.3494446805     -149.3471225025
                     -149.3434173995     -149.3425463565     -149.3412335310     -149.3361352564     -149.3325890003
                     -149.3324620991     -149.3288794196     -149.3249932266     -149.3216349790     -149.3137660075
                     -149.3131240957     -149.3083965648     -149.3067189338     -149.3042763208     -149.3027656394
                     -149.3014767797     -149.2993780549     -149.2969767695     -149.2932208101     -149.2862290476
                     -149.2811172519     -149.2726600874     -149.2708034508     -149.2652709501     -149.2584347798
                     -149.2564339575     -149.2550453232     -149.2461720522     -149.2438071656     -149.2386403343
                     -149.2339265236     -149.2324849619     -149.2312953029     -149.2270536730     -149.2200857286
                     -149.2171489509     -149.2033372728     -149.1992021985     -149.1975727112     -149.1961733173
