+-------------------------------------------------------------------------+
|              _              |                                           |
| || || ||//  | \          |  | University College London (C) 1994 - 2019 |
| || || ||    | / |/\/\ /\ |  | Open University           (C) 2007 - 2019 |
| \\_// ||\\  | \ | | | \/ |  |                                           |
|                             |                                           |
+-------------------------------------------------------------------------+
| Last revision: 2.0                                                      |
| Last author:   Jimena Gorfinkiel                                        |
| Last date:     Wed Feb 6 15:35:05 2019 +0000                            |
+-------------------------------------------------------------------------+


                     Density Matrix package
                     PROGRAM DENPROP

                     DATE =20190304


     hydrogen.peroxide_plus_scattering - Transition Moments                          


     No. of different wavefunction pairs to be computed =    10


          Assuming UKRMol+ integrals on input.


     Wavefunction location table
     ---------------------------

     Wavefunctions consist of two parts in the Alchemy
     and R-matrix codes. The parts are: 

       (i)  Slater determinants and Clebsch-Gordan 
            coefficients i.e. CSF definitions 
      (ii)  CI expansion coefficient over CSFs     

     Data corresponding to (i) is in a single dataset 
     for each different wavefunctions while data for (ii)
     is stored, for all wavefunctions, on a single library
     dataset

     No. of target states =   4

     No.  Determinants   CI vectors  Set. No.  Start/End
     ---  ------------   ----------  --------  ---------

       1      710           25            1    1   2
       2      730           25            2    1   1
       3      711           25            3    1   1
       4      731           25            4    1   1

     The print flags, NPFLG, are as follows: 
     --------------------------------------- 

     1. Wavefunction determinant data from SORT file =  0
     2. Diagonal density matrix formulae evaluation  =  0
     3. Off-diagonal density matrix form. evaluation =  0
     4. Summary of unsorted density matrix formulae  =  0
     5. Printing of transformed property integrals   =  0
     6. Sorting procedure for density matrix form.   =  0
     7.                                              =  0
     8.                                              =  0
     9.                                              =  1
     10. Summary of properties for external region   =  0
     11. Polarizibility calculation                  =  0



     Dataset information and logical unit association:
     -------------------------------------------------

     Un-sorted density matrix expressions (NFTD) = 21
     Sorted density matrix expressions    (NFTA) = 30
     Direct access file for sorting       (NFDA) = 20
     Molecular property integrals       (NFTINT) = 17
     Computed moments written to         (NFTMT) = 24
                           with set number NMSET =  1
     Old style moments as in TMTJT/CJG  (NFTMOM) = 61
                          with set number NMSET2 =  1


     Property operator information will be obtained 
     from the file of transformed integrals. To control
     the number evaluated modify your INTS input cards 


     Target Data File Construction for External Region
     -------------------------------------------------


     Logical unit for properties file     =  24
     Set number to be used for properties =   1
     Nuclear center (NUCCEN)  defined     =  -1
     Flag for add. of nuclear terms (ISW) =   0


1-electron integrals read-in.

Number of types of property integrals:    9


     **** &INPUT data has been verified 


          Loading UKRmol+ data...

     Molecule is Abelian using D2h subgroup with  2 elements 



          GROUP MULTIPLICATION TABLE FOR D2H SYMMETRY

                   1   2   3   4   5   6   7   8
                  AG  B3U B2U B1G B1U B2G B3G AU 
               ************************************  
               *                                  *  
           AG  *  AG  B3U B2U B1G B1U B2G B3G AU  *  
               *                                  *  
           B3U *  B3U AG  B1G B2U B2G B1U AU  B3G *  
               *                                  *  
           B2U *  B2U B1G AG  B3U B3G AU  B1U B2G *  
               *                                  *  
           B1G *  B1G B2U B3U AG  AU  B3G B2G B1U *  
               *                                  *  
           B1U *  B1U B2G B3G AU  AG  B3U B2U B1G *  
               *                                  *  
           B2G *  B2G B1U AU  B3G B3U AG  B1G B2U *  
               *                                  *  
           B3G *  B3G AU  B1U B2G B2U B1G AG  B3U *  
               *                                  *  
           AU  *  AU  B3G B2G B1U B1G B2U B3U AG  *  
               *                                  *  
               ************************************  


     Wavefunction symmetry numbers =   0   0

     Wavefunction symmetry difference =   0

     Target vectors read successfully

     Attempt to compute moments between states of  different spin
     S1 =1.0, S2 =0.0


     Wavefunction symmetry numbers =   0   0

     Wavefunction symmetry difference =   0

     Target vectors read successfully


     Wavefunction symmetry numbers =   1   0

     Wavefunction symmetry difference =   1

     Target vectors read successfully

     Attempt to compute moments between states of  different spin
     S1 =0.0, S2 =1.0


     Wavefunction symmetry numbers =   1   1

     Wavefunction symmetry difference =   0

     Target vectors read successfully

     Attempt to compute moments between states of  different spin
     S1 =1.0, S2 =0.0


     Wavefunction symmetry numbers =   1   0

     Wavefunction symmetry difference =   1

     Target vectors read successfully

     Attempt to compute moments between states of  different spin
     S1 =1.0, S2 =0.0


     Wavefunction symmetry numbers =   1   1

     Wavefunction symmetry difference =   0

     Target vectors read successfully

          Loading UKRmol+ data...

          Details of all     5 centers follows: 

  No.     X        Y        Z      Charge   Symbol    Mass     Spin     Quad  

    1    0.000    1.316   -0.104    8.000       O    15.995    0.000    0.000
    2    0.000   -1.316   -0.104    8.000       O    15.995    0.000    0.000
    3    1.477    1.699    0.835    1.000       H     1.008    0.000    0.000
    4   -1.477   -1.699    0.835    1.000       H     1.008    0.000    0.000
    5    0.000    0.000    0.000    0.000             0.000    0.000    0.000

          Total Molecular Mass =       34.005 Dalton (amu)

          Co-ordinates of the Center of Mass in the present axis system: 

               0.00000      0.00000     -0.04867


          Moment of Inertia Tensor (Lower Half Triangle):

                 62.8762775782
                  5.0589540125         6.0696210216
                  0.0000000000         0.0000000000        65.6034185444


          Principal Moments of Inertia (Atomic units): 

              10249.3828246454    115431.1994362876    119587.6188201291


          Principal Moments of Inertia (amu angstrom^2): 

                  1.5732063010        17.7178561273        18.3558365087


          Principal Axes Transformation Matrix: 

               0.08802 x     -0.99612 y      0.00000 z 
              -0.99612 x     -0.08802 y      0.00000 z 
               0.00000 x      0.00000 y      1.00000 z 

          Rotational Constants (Atomic Units): 

                  0.0000487834         0.0000043316         0.0000041810


          Rotational Constants (cm**(-1)): 

                 10.7067227244         0.9506727864         0.9176309478


          Rotational Constants (eV): 

                  0.0013274775         0.0001178696         0.0001137729




 The following target state and properties tables are now in energy order


          Unique Target State Table
          -------------------------

          There are     5 states in the table

     (2S+1)   Sz    Irrep   Energy (Hartrees)
     ------   --    -----   -----------------

    1     1      0      0   -150.8480984439
    2     3      1      0   -150.6156696057
    3     3      1      1   -150.5735198256
    4     1      0      0   -150.5707605390
    5     1      0      1   -150.5562618345


               ========================

               W A V E F U N C T I O N 
                 P R O P E R T I E S   
                      T A B L E        

               ========================




     No. of Expectation Values (Rows) in table =      45

     No. I-State J-State Property Operator Code Expectation Value
     --- ------- ------- ---------------------- -----------------

     1     1     1     2 0 0 0 0 0 0 0     0.1800D+02
     2     1     1     4 1 0 0 5 1 0 0    -0.7334D+00
     3     1     1     4 2 0 0 5 2 2-1     0.5082D+01
     4     1     1     4 2 0 0 5 2 0 0    -0.1648D+02
     5     1     1     4 2 0 0 5 2 2 1    -0.2623D+02
     6     4     1     2 0 0 0 0 0 0 0    -0.3339D-16
     7     4     1     4 1 0 0 5 1 0 0     0.3812D-01
     8     4     1     4 2 0 0 5 2 2-1    -0.1799D+00
     9     4     1     4 2 0 0 5 2 0 0    -0.9846D-01
    10     4     1     4 2 0 0 5 2 2 1    -0.1434D+00
    11     4     4     2 0 0 0 0 0 0 0     0.1800D+02
    12     4     4     4 1 0 0 5 1 0 0    -0.5206D+00
    13     4     4     4 2 0 0 5 2 2-1     0.5614D+01
    14     4     4     4 2 0 0 5 2 0 0    -0.1758D+02
    15     4     4     4 2 0 0 5 2 2 1    -0.2674D+02
    16     2     2     2 0 0 0 0 0 0 0     0.1800D+02
    17     2     2     4 1 0 0 5 1 0 0    -0.5229D+00
    18     2     2     4 2 0 0 5 2 2-1     0.5606D+01
    19     2     2     4 2 0 0 5 2 0 0    -0.1760D+02
    20     2     2     4 2 0 0 5 2 2 1    -0.2675D+02
    21     5     1     2 0 0 0 0 0 0 0     0.0000D+00
    22     5     1     4 1 0 0 5 1 1-1     0.1808D+00
    23     5     1     4 1 0 0 5 1 1 1     0.9582D-01
    24     5     1     4 2 0 0 5 2 1-1     0.1100D+01
    25     5     1     4 2 0 0 5 2 1 1     0.4191D+00
    26     5     4     2 0 0 0 0 0 0 0     0.0000D+00
    27     5     4     4 1 0 0 5 1 1-1    -0.4282D+00
    28     5     4     4 1 0 0 5 1 1 1    -0.4839D+00
    29     5     4     4 2 0 0 5 2 1-1    -0.9287D+00
    30     5     4     4 2 0 0 5 2 1 1    -0.7906D+00
    31     5     5     2 0 0 0 0 0 0 0     0.1800D+02
    32     5     5     4 1 0 0 5 1 0 0     0.2457D+00
    33     5     5     4 2 0 0 5 2 2-1     0.8611D+01
    34     5     5     4 2 0 0 5 2 0 0    -0.1750D+02
    35     5     5     4 2 0 0 5 2 2 1    -0.2434D+02
    36     3     2     2 0 0 0 0 0 0 0     0.0000D+00
    37     3     2     4 1 0 0 5 1 1-1    -0.3750D+00
    38     3     2     4 1 0 0 5 1 1 1    -0.4758D+00
    39     3     2     4 2 0 0 5 2 1-1    -0.9416D+00
    40     3     2     4 2 0 0 5 2 1 1    -0.7960D+00
    41     3     3     2 0 0 0 0 0 0 0     0.1800D+02
    42     3     3     4 1 0 0 5 1 0 0     0.2514D+00
    43     3     3     4 2 0 0 5 2 2-1     0.8691D+01
    44     3     3     4 2 0 0 5 2 0 0    -0.1753D+02
    45     3     3     4 2 0 0 5 2 2 1    -0.2433D+02




           ====> Create/Update target property file <====



          Logical unit for target properties file   =  24
          Set number at which to write target data  =   1
          Format style for the target properties    = FORMATTED  


          No. of nuclear centers in molecular frame =   5
          Sequence number of the scattering center  =   5
          Number of target states in this dataset   =   5
          The number of properties computed         =     45
          Nuclear contribution switch (ISW) is set  =   0


 Output to unit 24 is as follows:

6  1    46  4   5    36  0   0.487834251637D-04  0.433158454943D-05  0.418103483398D-05
8  1 O   8   15.9949        0.0000000000        1.3158162059       -0.1043128751
8  2 O   8   15.9949        0.0000000000       -1.3158162059       -0.1043128751
8  3 H   1    1.0078        1.4771988051        1.6990526361        0.8345029971
8  4 H   1    1.0078       -1.4771988051       -1.6990526361        0.8345029971
5  1  0  0  0  1  0  0 -0.150848098444D+03  State No.   1 Singlet     A'        
5  2  0  0  0  3  0  0 -0.150615669606D+03  State No.   2 Triplet     A'        
5  3  0  0  1  3  0  0 -0.150573519826D+03  State No.   3 Triplet     A"        
5  4  0  0  0  1  0  0 -0.150570760539D+03  State No.   4 Singlet     A'        
5  5  0  0  1  1  0  0 -0.150556261834D+03  State No.   5 Singlet     A"        
1  1  0  1  0  5  1  0 -0.733373458026D+00
1  1  0  1  0  5  2 -2 -0.361249436031D+01
1  1  0  1  0  5  2  0  0.874081944416D+00
1  1  0  1  0  5  2  2 -0.101707566651D+01
1  4  0  1  0  5  1  0  0.381210255818D-01
1  4  0  1  0  5  2 -2 -0.179944142166D+00
1  4  0  1  0  5  2  0 -0.984613073164D-01
1  4  0  1  0  5  2  2 -0.143418188836D+00
1  4  0  4  0  5  1  0 -0.520590539007D+00
1  4  0  4  0  5  2 -2 -0.308008823069D+01
1  4  0  4  0  5  2  0 -0.230299428954D+00
1  4  0  4  0  5  2  2 -0.152433054294D+01
1  2  0  2  0  5  1  0 -0.522923570411D+00
1  2  0  2  0  5  2 -2 -0.308859114481D+01
1  2  0  2  0  5  2  0 -0.242479139676D+00
1  2  0  2  0  5  2  2 -0.153393250564D+01
1  5  1  1  0  5  1 -1  0.180788634369D+00
1  5  1  1  0  5  1  1  0.958231091664D-01
1  5  1  1  0  5  2 -1  0.109964950054D+01
1  5  1  1  0  5  2  1  0.419118082646D+00
1  5  1  4  0  5  1 -1 -0.428228903353D+00
1  5  1  4  0  5  1  1 -0.483881298827D+00
1  5  1  4  0  5  2 -1 -0.928737538537D+00
1  5  1  4  0  5  2  1 -0.790624621008D+00
1  5  1  5  1  5  1  0  0.245748901687D+00
1  5  1  5  1  5  2 -2 -0.835243875015D-01
1  5  1  5  1  5  2  0 -0.149862961472D+00
1  5  1  5  1  5  2  2  0.874908908902D+00
1  3  1  2  0  5  1 -1 -0.375012556430D+00
1  3  1  2  0  5  1  1 -0.475822079728D+00
1  3  1  2  0  5  2 -1 -0.941553817923D+00
1  3  1  2  0  5  2  1 -0.796019671047D+00
1  3  1  3  1  5  1  0  0.251447553376D+00
1  3  1  3  1  5  2 -2 -0.380655979178D-02
1  3  1  3  1  5  2  0 -0.174814946958D+00
1  3  1  3  1  5  2  2  0.881291553505D+00



 DIPOLE POLARIZIBILTY CODE

 Scan moments on unit NFTMT = 61


     MOMENT SET NO.   1

     gen.peroxide_plus_scattering - singlet A                                

     Wavefunction details : 
     Lambda value or irrep. of state =   0     Number of CSFs =   600
 The value of m is:                      0

     Polarizibility (a.u.) for I states = 
       0.1047973D-01 -0.1047973D-01
 The value of m is:                      1

     Polarizibility (a.u.) for I states = 
       0.0000000D+00  0.0000000D+00


     MOMENT SET NO.   2

     gen.peroxide_plus_scattering - triplet A                                

     Wavefunction details : 
     Lambda value or irrep. of state =   0     Number of CSFs =   744
 The value of m is:                      0

     Polarizibility (a.u.) for I states = 
       0.0000000D+00
 The value of m is:                      1

     Polarizibility (a.u.) for I states = 
       0.0000000D+00


     MOMENT SET NO.   3

     gen.peroxide_plus_scattering - sing / gen.peroxide_plus_scattering - sin

     Wavefunction I details : 
     Lambda value or irrep. of state =   1     Number of CSFs =   576

     Wavefunction J details : 

     Lambda value or irrep. of state =   0     Number of CSFs =   600
 The value of m is:                      0

     Polarizibility (a.u.) for I states = 
       0.0000000D+00

     Polarizibility (a.u.) for J states = 
       0.0000000D+00  0.0000000D+00
 The value of m is:                      1

     Polarizibility (a.u.) for I states = 
      -0.3236114D+02

     Polarizibility (a.u.) for J states = 
       0.6292609D-01  0.3229821D+02


     MOMENT SET NO.   4

     gen.peroxide_plus_scattering - singlet B                                

     Wavefunction details : 
     Lambda value or irrep. of state =   1     Number of CSFs =   576
 The value of m is:                      0

     Polarizibility (a.u.) for I states = 
       0.0000000D+00
 The value of m is:                      1

     Polarizibility (a.u.) for I states = 
       0.0000000D+00


     MOMENT SET NO.   5

     gen.peroxide_plus_scattering - trip / gen.peroxide_plus_scattering - tri

     Wavefunction I details : 
     Lambda value or irrep. of state =   1     Number of CSFs =   768

     Wavefunction J details : 

     Lambda value or irrep. of state =   0     Number of CSFs =   744
 The value of m is:                      0

     Polarizibility (a.u.) for I states = 
       0.0000000D+00

     Polarizibility (a.u.) for J states = 
       0.0000000D+00
 The value of m is:                      1

     Polarizibility (a.u.) for I states = 
      -0.1074296D+02

     Polarizibility (a.u.) for J states = 
       0.1074296D+02


     MOMENT SET NO.   6

     gen.peroxide_plus_scattering - triplet B                                

     Wavefunction details : 
     Lambda value or irrep. of state =   1     Number of CSFs =   768
 The value of m is:                      0

     Polarizibility (a.u.) for I states = 
       0.0000000D+00
 The value of m is:                      1

     Polarizibility (a.u.) for I states = 
       0.0000000D+00


     END OF FILE ON READ OF UNIT  61



     END OF FILE ON READ. NO MORE INPUT


          D E N P R O P   has completed execution 


