+-------------------------------------------------------------------------+
|              _              |                                           |
| || || ||//  | \          |  | University College London (C) 1994 - 2019 |
| || || ||    | / |/\/\ /\ |  | Open University           (C) 2007 - 2019 |
| \\_// ||\\  | \ | | | \/ |  |                                           |
|                             |                                           |
+-------------------------------------------------------------------------+
| Last revision: 2.0                                                      |
| Last author:   Jimena Gorfinkiel                                        |
| Last date:     Wed Feb 6 15:35:05 2019 +0000                            |
+-------------------------------------------------------------------------+
1

 PROGRAM CONGEN :

                         DATE = 20190304

                         TIME = 021821.014




Using   8-byte integers
  and   8-byte reals

 NBMX = 40000000 WORDS
 ***** REGION USED FOR INPUT DATA    4501 WORDS     4 K
 ***** LEFT  39995500  WORDS
1CONGEN 1.0  IBM SAN JOSE      hydrogen.peroxide_plus_scattering - singlet A                                                 PAGE 001

 NELECT  18   CONFPF  1   MULT   1   CDIMX   400   ICDI      1
 NTSO   326   SYMTYP  2   MVAL   0   NIDMX  4000   INDI    401
 NREFO    2               REFLC  0   NODIMX  100   INODI  4401
 NSYM     2               GUTOT  0   NCORE  40000000
                          ISZ    1   NAV    39995500


              DATA FOR SPEEDY INPUT

             IDIAG    1   MEGU  14   THRES   1.0000E-10
             LCDT   500   MEGUL710
             LNDT  5000   NFTO  15
             NRERUN   0   LTRI 300

             NPFLG =  0  0  0  0  0  0  NNDEL =      0
             BYPROJ 1   LNDO 150000000   LCDO      2000
 
 
 NSYM    1    2
 NOB    85   78
 NSOI    1  171
 
 REFERENCE DETERMINANT INPUT DATA
         1   2
 MSHL    0   1
 PQN     1   1
 NES    12   6
 SO1     0   0
 SO2     0   0
 
 
 REFDET =  1,  2,  3,  4,  5,  6,  7,  8,  9, 10, 11, 12,171,172,173,174,175,176,
 lsquare =                     0
1CONGEN 1.0  IBM SAN JOSE      hydrogen.peroxide_plus_scattering - singlet A                                                 PAGE 002

 WFN GROUP   1    hydrogen.peroxide_plus_scattering - singlet A                                   
 NELECG  18   DEFLTC  0   IRFCON  4501
 NDPROD   2   NTCON   0   NAV    39995500
 NREFOG   2

           1  2
 NELECP =  8 10
 NSHLP  =  2  2
 
   2 ORBITALS IN GROUP 1
            1           2
 MSHL       0           1
 PQN   ( 0, 1, 2)  ( 0, 1, 2)
 
   2 ORBITALS IN GROUP 2
            1           2
 MSHL       0           1
 PQN   ( 0, 3, 6)  ( 0, 3, 6)
 
 
 COUPLING DATA
            5           6           7
 CUP   ( 1, 2, 5)  ( 3, 4, 6)  ( 5, 6, 7)
 
 REFERENCE DETERMINANT INPUT DATA
         1   2
 MSHL    0   1
 PQN     1   1
 NES    12   6
 SO1     0   0
 SO2     0   0
 
 
 REFDET =  1,  2,  3,  4,  5,  6,  7,  8,  9, 10, 11, 12,171,172,173,174,175,176,
 
1CONGEN 1.0  IBM SAN JOSE      hydrogen.peroxide_plus_scattering - singlet A                                                 PAGE 003

 NTYP=  1   SHELL NO       1           2           3           4           5           6           7           8           9
            OCCSHL         2           2           2           2           2           2           2           2           2
            SYM            0           0           1           1           0           0           0           0           1
            PQN      (  0, 1, 2) (  0, 1, 2) (  0, 1, 2) (  0, 1, 2) (  0, 3, 6) (  0, 3, 6) (  0, 3, 6) (  0, 3, 6) (  0, 3, 6)
            QNSHL          1           1           1           1           1           1           1           1           1
 
 *******************     TOTAL NUMBER OF DISTRIBUTIONS FOR NTYP =  1 IS    4
 *******************     TOTAL NUMBER OF STATES FOR NTYP=  1 IS   1
                    CSF NUMBERS         1 TO         4 (        4 CSFS) GENERATED
 ********************************************************************************************************************************
 ********************************************************************************************************************************
 
 
 NTYP=  2   SHELL NO       1           2           3           4           5           6           7           8           9
            OCCSHL         2           2           2           2           2           2           2           2           1
            SYM            0           0           1           1           0           0           0           0           1
            PQN      (  0, 1, 2) (  0, 1, 2) (  0, 1, 2) (  0, 1, 2) (  0, 3, 6) (  0, 3, 6) (  0, 3, 6) (  0, 3, 6) (  0, 3, 6)
            QNSHL          1           1           1           1           1           1           1           1           2
 
            SHELL NO      10
            OCCSHL         1
            SYM            1
            PQN      (  0, 3, 6)
            QNSHL          2
 
 *******************     TOTAL NUMBER OF DISTRIBUTIONS FOR NTYP =  2 IS    6
 *******************     TOTAL NUMBER OF STATES FOR NTYP=  2 IS   1
                    CSF NUMBERS         5 TO        10 (        6 CSFS) GENERATED
 ********************************************************************************************************************************
 ********************************************************************************************************************************
 
 
 NTYP=  3   SHELL NO       1           2           3           4           5           6           7           8           9
            OCCSHL         2           2           2           2           2           2           2           2           2
            SYM            0           0           1           1           0           0           0           1           1
            PQN      (  0, 1, 2) (  0, 1, 2) (  0, 1, 2) (  0, 1, 2) (  0, 3, 6) (  0, 3, 6) (  0, 3, 6) (  0, 3, 6) (  0, 3, 6)
            QNSHL          1           1           1           1           1           1           1           1           1
 
 *******************     TOTAL NUMBER OF DISTRIBUTIONS FOR NTYP =  3 IS   24
 *******************     TOTAL NUMBER OF STATES FOR NTYP=  3 IS   1
                    CSF NUMBERS        11 TO        34 (       24 CSFS) GENERATED
 ********************************************************************************************************************************
 ********************************************************************************************************************************
 
 
 NTYP=  4   SHELL NO       1           2           3           4           5           6           7           8           9
            OCCSHL         2           2           2           2           2           2           2           2           1
            SYM            0           0           1           1           0           0           0           1           1
            PQN      (  0, 1, 2) (  0, 1, 2) (  0, 1, 2) (  0, 1, 2) (  0, 3, 6) (  0, 3, 6) (  0, 3, 6) (  0, 3, 6) (  0, 3, 6)
            QNSHL          1           1           1           1           1           1           1           1           2
 
            SHELL NO      10
            OCCSHL         1
            SYM            1
            PQN      (  0, 3, 6)
            QNSHL          2
 
 *******************     TOTAL NUMBER OF DISTRIBUTIONS FOR NTYP =  4 IS   48
 *******************     TOTAL NUMBER OF STATES FOR NTYP=  4 IS   1
                    CSF NUMBERS        35 TO        82 (       48 CSFS) GENERATED
1CONGEN 1.0  IBM SAN JOSE      hydrogen.peroxide_plus_scattering - singlet A                                                 PAGE 004

 NTYP=  5   SHELL NO       1           2           3           4           5           6           7           8           9
            OCCSHL         2           2           2           2           2           2           2           1           1
            SYM            0           0           1           1           0           0           0           1           1
            PQN      (  0, 1, 2) (  0, 1, 2) (  0, 1, 2) (  0, 1, 2) (  0, 3, 6) (  0, 3, 6) (  0, 3, 6) (  0, 3, 6) (  0, 3, 6)
            QNSHL          1           1           1           1           1           1           1           2           2
 
            SHELL NO      10          11
            OCCSHL         1           1
            SYM            1           1
            PQN      (  0, 3, 6) (  0, 3, 6)
            QNSHL          2           2
 
 *******************     TOTAL NUMBER OF DISTRIBUTIONS FOR NTYP =  5 IS    4
 *******************     TOTAL NUMBER OF STATES FOR NTYP=  5 IS   2
                    CSF NUMBERS        83 TO        90 (        8 CSFS) GENERATED
 ********************************************************************************************************************************
 ********************************************************************************************************************************
 
 
 NTYP=  6   SHELL NO       1           2           3           4           5           6           7           8           9
            OCCSHL         2           2           2           2           2           2           1           1           2
            SYM            0           0           1           1           0           0           0           0           1
            PQN      (  0, 1, 2) (  0, 1, 2) (  0, 1, 2) (  0, 1, 2) (  0, 3, 6) (  0, 3, 6) (  0, 3, 6) (  0, 3, 6) (  0, 3, 6)
            QNSHL          1           1           1           1           1           1           2           2           1
 
            SHELL NO      10
            OCCSHL         2
            SYM            1
            PQN      (  0, 3, 6)
            QNSHL          1
 
 *******************     TOTAL NUMBER OF DISTRIBUTIONS FOR NTYP =  6 IS   36
 *******************     TOTAL NUMBER OF STATES FOR NTYP=  6 IS   1
                    CSF NUMBERS        91 TO       126 (       36 CSFS) GENERATED
 ********************************************************************************************************************************
 ********************************************************************************************************************************
 
 
 NTYP=  7   SHELL NO       1           2           3           4           5           6           7           8           9
            OCCSHL         2           2           2           2           2           2           1           1           2
            SYM            0           0           1           1           0           0           0           0           1
            PQN      (  0, 1, 2) (  0, 1, 2) (  0, 1, 2) (  0, 1, 2) (  0, 3, 6) (  0, 3, 6) (  0, 3, 6) (  0, 3, 6) (  0, 3, 6)
            QNSHL          1           1           1           1           1           1           2           2           1
 
            SHELL NO      10          11
            OCCSHL         1           1
            SYM            1           1
            PQN      (  0, 3, 6) (  0, 3, 6)
            QNSHL          2           2
 
 *******************     TOTAL NUMBER OF DISTRIBUTIONS FOR NTYP =  7 IS   72
 *******************     TOTAL NUMBER OF STATES FOR NTYP=  7 IS   2
                    CSF NUMBERS       127 TO       270 (      144 CSFS) GENERATED
 ********************************************************************************************************************************
 ********************************************************************************************************************************
1CONGEN 1.0  IBM SAN JOSE      hydrogen.peroxide_plus_scattering - singlet A                                                 PAGE 005

 NTYP=  8   SHELL NO       1           2           3           4           5           6           7           8           9
            OCCSHL         2           2           2           2           2           2           1           1           1
            SYM            0           0           1           1           0           0           0           0           1
            PQN      (  0, 1, 2) (  0, 1, 2) (  0, 1, 2) (  0, 1, 2) (  0, 3, 6) (  0, 3, 6) (  0, 3, 6) (  0, 3, 6) (  0, 3, 6)
            QNSHL          1           1           1           1           1           1           2           2           2
 
            SHELL NO      10          11          12
            OCCSHL         1           1           1
            SYM            1           1           1
            PQN      (  0, 3, 6) (  0, 3, 6) (  0, 3, 6)
            QNSHL          2           2           2
 
 *******************     TOTAL NUMBER OF DISTRIBUTIONS FOR NTYP =  8 IS    6
 *******************     TOTAL NUMBER OF STATES FOR NTYP=  8 IS   5
                    CSF NUMBERS       271 TO       300 (       30 CSFS) GENERATED
 ********************************************************************************************************************************
 ********************************************************************************************************************************
 
 
 NTYP=  9   SHELL NO       1           2           3           4           5           6           7           8           9
            OCCSHL         2           2           2           2           2           2           2           2           2
            SYM            0           0           1           1           0           0           1           1           1
            PQN      (  0, 1, 2) (  0, 1, 2) (  0, 1, 2) (  0, 1, 2) (  0, 3, 6) (  0, 3, 6) (  0, 3, 6) (  0, 3, 6) (  0, 3, 6)
            QNSHL          1           1           1           1           1           1           1           1           1
 
 *******************     TOTAL NUMBER OF DISTRIBUTIONS FOR NTYP =  9 IS   24
 *******************     TOTAL NUMBER OF STATES FOR NTYP=  9 IS   1
                    CSF NUMBERS       301 TO       324 (       24 CSFS) GENERATED
 ********************************************************************************************************************************
 ********************************************************************************************************************************
 
 
 NTYP= 10   SHELL NO       1           2           3           4           5           6           7           8           9
            OCCSHL         2           2           2           2           2           2           2           2           1
            SYM            0           0           1           1           0           0           1           1           1
            PQN      (  0, 1, 2) (  0, 1, 2) (  0, 1, 2) (  0, 1, 2) (  0, 3, 6) (  0, 3, 6) (  0, 3, 6) (  0, 3, 6) (  0, 3, 6)
            QNSHL          1           1           1           1           1           1           1           1           2
 
            SHELL NO      10
            OCCSHL         1
            SYM            1
            PQN      (  0, 3, 6)
            QNSHL          2
 
 *******************     TOTAL NUMBER OF DISTRIBUTIONS FOR NTYP = 10 IS   36
 *******************     TOTAL NUMBER OF STATES FOR NTYP= 10 IS   1
                    CSF NUMBERS       325 TO       360 (       36 CSFS) GENERATED
 ********************************************************************************************************************************
 ********************************************************************************************************************************
1CONGEN 1.0  IBM SAN JOSE      hydrogen.peroxide_plus_scattering - singlet A                                                 PAGE 006

 NTYP= 11   SHELL NO       1           2           3           4           5           6           7           8           9
            OCCSHL         2           2           2           2           2           1           1           2           2
            SYM            0           0           1           1           0           0           0           1           1
            PQN      (  0, 1, 2) (  0, 1, 2) (  0, 1, 2) (  0, 1, 2) (  0, 3, 6) (  0, 3, 6) (  0, 3, 6) (  0, 3, 6) (  0, 3, 6)
            QNSHL          1           1           1           1           1           2           2           1           1
 
            SHELL NO      10
            OCCSHL         2
            SYM            1
            PQN      (  0, 3, 6)
            QNSHL          1
 
 *******************     TOTAL NUMBER OF DISTRIBUTIONS FOR NTYP = 11 IS   48
 *******************     TOTAL NUMBER OF STATES FOR NTYP= 11 IS   1
                    CSF NUMBERS       361 TO       408 (       48 CSFS) GENERATED
 ********************************************************************************************************************************
 ********************************************************************************************************************************
 
 
 NTYP= 12   SHELL NO       1           2           3           4           5           6           7           8           9
            OCCSHL         2           2           2           2           2           1           1           2           2
            SYM            0           0           1           1           0           0           0           1           1
            PQN      (  0, 1, 2) (  0, 1, 2) (  0, 1, 2) (  0, 1, 2) (  0, 3, 6) (  0, 3, 6) (  0, 3, 6) (  0, 3, 6) (  0, 3, 6)
            QNSHL          1           1           1           1           1           2           2           1           1
 
            SHELL NO      10          11
            OCCSHL         1           1
            SYM            1           1
            PQN      (  0, 3, 6) (  0, 3, 6)
            QNSHL          2           2
 
 *******************     TOTAL NUMBER OF DISTRIBUTIONS FOR NTYP = 12 IS   72
 *******************     TOTAL NUMBER OF STATES FOR NTYP= 12 IS   2
                    CSF NUMBERS       409 TO       552 (      144 CSFS) GENERATED
 ********************************************************************************************************************************
 ********************************************************************************************************************************
 
 
 NTYP= 13   SHELL NO       1           2           3           4           5           6           7           8           9
            OCCSHL         2           2           2           2           1           1           1           1           2
            SYM            0           0           1           1           0           0           0           0           1
            PQN      (  0, 1, 2) (  0, 1, 2) (  0, 1, 2) (  0, 1, 2) (  0, 3, 6) (  0, 3, 6) (  0, 3, 6) (  0, 3, 6) (  0, 3, 6)
            QNSHL          1           1           1           1           2           2           2           2           1
 
            SHELL NO      10          11
            OCCSHL         2           2
            SYM            1           1
            PQN      (  0, 3, 6) (  0, 3, 6)
            QNSHL          1           1
 
 *******************     TOTAL NUMBER OF DISTRIBUTIONS FOR NTYP = 13 IS    4
 *******************     TOTAL NUMBER OF STATES FOR NTYP= 13 IS   2
                    CSF NUMBERS       553 TO       560 (        8 CSFS) GENERATED
 ********************************************************************************************************************************
 ********************************************************************************************************************************
1CONGEN 1.0  IBM SAN JOSE      hydrogen.peroxide_plus_scattering - singlet A                                                 PAGE 007

 NTYP= 14   SHELL NO       1           2           3           4           5           6           7           8           9
            OCCSHL         2           2           2           2           1           1           1           1           2
            SYM            0           0           1           1           0           0           0           0           1
            PQN      (  0, 1, 2) (  0, 1, 2) (  0, 1, 2) (  0, 1, 2) (  0, 3, 6) (  0, 3, 6) (  0, 3, 6) (  0, 3, 6) (  0, 3, 6)
            QNSHL          1           1           1           1           2           2           2           2           1
 
            SHELL NO      10          11          12
            OCCSHL         2           1           1
            SYM            1           1           1
            PQN      (  0, 3, 6) (  0, 3, 6) (  0, 3, 6)
            QNSHL          1           2           2
 
 *******************     TOTAL NUMBER OF DISTRIBUTIONS FOR NTYP = 14 IS    6
 *******************     TOTAL NUMBER OF STATES FOR NTYP= 14 IS   5
                    CSF NUMBERS       561 TO       590 (       30 CSFS) GENERATED
 ********************************************************************************************************************************
 ********************************************************************************************************************************
 
 
 NTYP= 15   SHELL NO       1           2           3           4           5           6           7           8           9
            OCCSHL         2           2           2           2           2           2           2           2           2
            SYM            0           0           1           1           0           1           1           1           1
            PQN      (  0, 1, 2) (  0, 1, 2) (  0, 1, 2) (  0, 1, 2) (  0, 3, 6) (  0, 3, 6) (  0, 3, 6) (  0, 3, 6) (  0, 3, 6)
            QNSHL          1           1           1           1           1           1           1           1           1
 
 *******************     TOTAL NUMBER OF DISTRIBUTIONS FOR NTYP = 15 IS    4
 *******************     TOTAL NUMBER OF STATES FOR NTYP= 15 IS   1
                    CSF NUMBERS       591 TO       594 (        4 CSFS) GENERATED
 ********************************************************************************************************************************
 ********************************************************************************************************************************
 
 
 NTYP= 16   SHELL NO       1           2           3           4           5           6           7           8           9
            OCCSHL         2           2           2           2           1           1           2           2           2
            SYM            0           0           1           1           0           0           1           1           1
            PQN      (  0, 1, 2) (  0, 1, 2) (  0, 1, 2) (  0, 1, 2) (  0, 3, 6) (  0, 3, 6) (  0, 3, 6) (  0, 3, 6) (  0, 3, 6)
            QNSHL          1           1           1           1           2           2           1           1           1
 
            SHELL NO      10
            OCCSHL         2
            SYM            1
            PQN      (  0, 3, 6)
            QNSHL          1
 
 *******************     TOTAL NUMBER OF DISTRIBUTIONS FOR NTYP = 16 IS    6
 *******************     TOTAL NUMBER OF STATES FOR NTYP= 16 IS   1
                    CSF NUMBERS       595 TO       600 (        6 CSFS) GENERATED
 ********************************************************************************************************************************
 ********************************************************************************************************************************
 
 
 *****  END OF FILE ON INPUT
 
 
 ********** TOTAL NUMBER OF CSF'S GENERATED IS       600
1CONGEN 1.0  IBM SAN JOSE      hydrogen.peroxide_plus_scattering - singlet A                                                 PAGE 008

 MOLECULE SYMMETRY CASE,  symtyp = 2
                   I         N         G         M         S      MPOS      
                   1         1         0         0         0         0
                   2         1         0         0         1         0
                   3         2         0         0         0         0
                   4         2         0         0         1         0
                   5         3         0         0         0         0
                   6         3         0         0         1         0
                   7         4         0         0         0         0
                   8         4         0         0         1         0
                   9         5         0         0         0         0
                  10         5         0         0         1         0
                  11         6         0         0         0         0
                  12         6         0         0         1         0
                  13         7         0         0         0         0
                  14         7         0         0         1         0
                  15         8         0         0         0         0
                  16         8         0         0         1         0
                  17         9         0         0         0         0
                  18         9         0         0         1         0
                  19        10         0         0         0         0
                  20        10         0         0         1         0
                  21        11         0         0         0         0
                  22        11         0         0         1         0
                  23        12         0         0         0         0
                  24        12         0         0         1         0
                  25        13         0         0         0         0
                  26        13         0         0         1         0
                  27        14         0         0         0         0
                  28        14         0         0         1         0
                  29        15         0         0         0         0
                  30        15         0         0         1         0
                  31        16         0         0         0         0
                  32        16         0         0         1         0
                  33        17         0         0         0         0
                  34        17         0         0         1         0
                  35        18         0         0         0         0
                  36        18         0         0         1         0
                  37        19         0         0         0         0
                  38        19         0         0         1         0
                  39        20         0         0         0         0
                  40        20         0         0         1         0
                  41        21         0         0         0         0
                  42        21         0         0         1         0
                  43        22         0         0         0         0
                  44        22         0         0         1         0
                  45        23         0         0         0         0
                  46        23         0         0         1         0
                  47        24         0         0         0         0
                  48        24         0         0         1         0
                  49        25         0         0         0         0
                  50        25         0         0         1         0
                  51        26         0         0         0         0
                  52        26         0         0         1         0
                  53        27         0         0         0         0
                  54        27         0         0         1         0
                  55        28         0         0         0         0
                  56        28         0         0         1         0
                  57        29         0         0         0         0
                  58        29         0         0         1         0
                  59        30         0         0         0         0
                  60        30         0         0         1         0
                  61        31         0         0         0         0
                  62        31         0         0         1         0
                  63        32         0         0         0         0
                  64        32         0         0         1         0
                  65        33         0         0         0         0
                  66        33         0         0         1         0
                  67        34         0         0         0         0
                  68        34         0         0         1         0
                  69        35         0         0         0         0
                  70        35         0         0         1         0
                  71        36         0         0         0         0
                  72        36         0         0         1         0
                  73        37         0         0         0         0
                  74        37         0         0         1         0
                  75        38         0         0         0         0
                  76        38         0         0         1         0
                  77        39         0         0         0         0
                  78        39         0         0         1         0
                  79        40         0         0         0         0
                  80        40         0         0         1         0
                  81        41         0         0         0         0
                  82        41         0         0         1         0
                  83        42         0         0         0         0
                  84        42         0         0         1         0
                  85        43         0         0         0         0
                  86        43         0         0         1         0
                  87        44         0         0         0         0
                  88        44         0         0         1         0
                  89        45         0         0         0         0
                  90        45         0         0         1         0
                  91        46         0         0         0         0
                  92        46         0         0         1         0
                  93        47         0         0         0         0
                  94        47         0         0         1         0
                  95        48         0         0         0         0
                  96        48         0         0         1         0
                  97        49         0         0         0         0
                  98        49         0         0         1         0
                  99        50         0         0         0         0
                 100        50         0         0         1         0
                 101        51         0         0         0         0
                 102        51         0         0         1         0
                 103        52         0         0         0         0
                 104        52         0         0         1         0
                 105        53         0         0         0         0
                 106        53         0         0         1         0
                 107        54         0         0         0         0
                 108        54         0         0         1         0
                 109        55         0         0         0         0
                 110        55         0         0         1         0
                 111        56         0         0         0         0
                 112        56         0         0         1         0
                 113        57         0         0         0         0
                 114        57         0         0         1         0
                 115        58         0         0         0         0
                 116        58         0         0         1         0
                 117        59         0         0         0         0
                 118        59         0         0         1         0
                 119        60         0         0         0         0
                 120        60         0         0         1         0
                 121        61         0         0         0         0
                 122        61         0         0         1         0
                 123        62         0         0         0         0
                 124        62         0         0         1         0
                 125        63         0         0         0         0
                 126        63         0         0         1         0
                 127        64         0         0         0         0
                 128        64         0         0         1         0
                 129        65         0         0         0         0
                 130        65         0         0         1         0
                 131        66         0         0         0         0
                 132        66         0         0         1         0
                 133        67         0         0         0         0
                 134        67         0         0         1         0
                 135        68         0         0         0         0
                 136        68         0         0         1         0
                 137        69         0         0         0         0
                 138        69         0         0         1         0
                 139        70         0         0         0         0
                 140        70         0         0         1         0
                 141        71         0         0         0         0
                 142        71         0         0         1         0
                 143        72         0         0         0         0
                 144        72         0         0         1         0
                 145        73         0         0         0         0
                 146        73         0         0         1         0
                 147        74         0         0         0         0
                 148        74         0         0         1         0
                 149        75         0         0         0         0
                 150        75         0         0         1         0
                 151        76         0         0         0         0
                 152        76         0         0         1         0
                 153        77         0         0         0         0
                 154        77         0         0         1         0
                 155        78         0         0         0         0
                 156        78         0         0         1         0
                 157        79         0         0         0         0
                 158        79         0         0         1         0
                 159        80         0         0         0         0
                 160        80         0         0         1         0
                 161        81         0         0         0         0
                 162        81         0         0         1         0
                 163        82         0         0         0         0
                 164        82         0         0         1         0
                 165        83         0         0         0         0
                 166        83         0         0         1         0
                 167        84         0         0         0         0
                 168        84         0         0         1         0
                 169        85         0         0         0         0
                 170        85         0         0         1         0
                 171        86         0         1         0         0
                 172        86         0         1         1         0
                 173        87         0         1         0         0
                 174        87         0         1         1         0
                 175        88         0         1         0         0
                 176        88         0         1         1         0
                 177        89         0         1         0         0
                 178        89         0         1         1         0
                 179        90         0         1         0         0
                 180        90         0         1         1         0
                 181        91         0         1         0         0
                 182        91         0         1         1         0
                 183        92         0         1         0         0
                 184        92         0         1         1         0
                 185        93         0         1         0         0
                 186        93         0         1         1         0
                 187        94         0         1         0         0
                 188        94         0         1         1         0
                 189        95         0         1         0         0
                 190        95         0         1         1         0
                 191        96         0         1         0         0
                 192        96         0         1         1         0
                 193        97         0         1         0         0
                 194        97         0         1         1         0
                 195        98         0         1         0         0
                 196        98         0         1         1         0
                 197        99         0         1         0         0
                 198        99         0         1         1         0
                 199       100         0         1         0         0
                 200       100         0         1         1         0
                 201       101         0         1         0         0
                 202       101         0         1         1         0
                 203       102         0         1         0         0
                 204       102         0         1         1         0
                 205       103         0         1         0         0
                 206       103         0         1         1         0
                 207       104         0         1         0         0
                 208       104         0         1         1         0
                 209       105         0         1         0         0
                 210       105         0         1         1         0
                 211       106         0         1         0         0
                 212       106         0         1         1         0
                 213       107         0         1         0         0
                 214       107         0         1         1         0
                 215       108         0         1         0         0
                 216       108         0         1         1         0
                 217       109         0         1         0         0
                 218       109         0         1         1         0
                 219       110         0         1         0         0
                 220       110         0         1         1         0
                 221       111         0         1         0         0
                 222       111         0         1         1         0
                 223       112         0         1         0         0
                 224       112         0         1         1         0
                 225       113         0         1         0         0
                 226       113         0         1         1         0
                 227       114         0         1         0         0
                 228       114         0         1         1         0
                 229       115         0         1         0         0
                 230       115         0         1         1         0
                 231       116         0         1         0         0
                 232       116         0         1         1         0
                 233       117         0         1         0         0
                 234       117         0         1         1         0
                 235       118         0         1         0         0
                 236       118         0         1         1         0
                 237       119         0         1         0         0
                 238       119         0         1         1         0
                 239       120         0         1         0         0
                 240       120         0         1         1         0
                 241       121         0         1         0         0
                 242       121         0         1         1         0
                 243       122         0         1         0         0
                 244       122         0         1         1         0
                 245       123         0         1         0         0
                 246       123         0         1         1         0
                 247       124         0         1         0         0
                 248       124         0         1         1         0
                 249       125         0         1         0         0
                 250       125         0         1         1         0
                 251       126         0         1         0         0
                 252       126         0         1         1         0
                 253       127         0         1         0         0
                 254       127         0         1         1         0
                 255       128         0         1         0         0
                 256       128         0         1         1         0
                 257       129         0         1         0         0
                 258       129         0         1         1         0
                 259       130         0         1         0         0
                 260       130         0         1         1         0
                 261       131         0         1         0         0
                 262       131         0         1         1         0
                 263       132         0         1         0         0
                 264       132         0         1         1         0
                 265       133         0         1         0         0
                 266       133         0         1         1         0
                 267       134         0         1         0         0
                 268       134         0         1         1         0
                 269       135         0         1         0         0
                 270       135         0         1         1         0
                 271       136         0         1         0         0
                 272       136         0         1         1         0
                 273       137         0         1         0         0
                 274       137         0         1         1         0
                 275       138         0         1         0         0
                 276       138         0         1         1         0
                 277       139         0         1         0         0
                 278       139         0         1         1         0
                 279       140         0         1         0         0
                 280       140         0         1         1         0
                 281       141         0         1         0         0
                 282       141         0         1         1         0
                 283       142         0         1         0         0
                 284       142         0         1         1         0
                 285       143         0         1         0         0
                 286       143         0         1         1         0
                 287       144         0         1         0         0
                 288       144         0         1         1         0
                 289       145         0         1         0         0
                 290       145         0         1         1         0
                 291       146         0         1         0         0
                 292       146         0         1         1         0
                 293       147         0         1         0         0
                 294       147         0         1         1         0
                 295       148         0         1         0         0
                 296       148         0         1         1         0
                 297       149         0         1         0         0
                 298       149         0         1         1         0
                 299       150         0         1         0         0
                 300       150         0         1         1         0
                 301       151         0         1         0         0
                 302       151         0         1         1         0
                 303       152         0         1         0         0
                 304       152         0         1         1         0
                 305       153         0         1         0         0
                 306       153         0         1         1         0
                 307       154         0         1         0         0
                 308       154         0         1         1         0
                 309       155         0         1         0         0
                 310       155         0         1         1         0
                 311       156         0         1         0         0
                 312       156         0         1         1         0
                 313       157         0         1         0         0
                 314       157         0         1         1         0
                 315       158         0         1         0         0
                 316       158         0         1         1         0
                 317       159         0         1         0         0
                 318       159         0         1         1         0
                 319       160         0         1         0         0
                 320       160         0         1         1         0
                 321       161         0         1         0         0
                 322       161         0         1         1         0
                 323       162         0         1         0         0
                 324       162         0         1         1         0
                 325       163         0         1         0         0
                 326       163         0         1         1         0

          On output CSF     271 has the largest 
          number of determinants =      20


          At end of wfgntr(), usage of memory in output
          arrays is as follows:                        

            Array     Used     Max avail               
            -----  ---------   ---------               
            ndo()      23596     235960
            cdo()       2776      27760


          **** WFGNTR() - completed 


     Computing phase for target state

     Writing projected CSFs to unit   710 in format
     required by the SCATCI/DENPROP programs 


     Writing final results to disk (wrnfto) 
     -------------------------------------- 
       Logical unit         (nfto)   =      710
       Positrons present    (iposit) =        0
       Number of electrons  (nelt)   =       18
       Number of CSFs       (nocsf)  =      600
       Number of symmetries (nsym)   =        2
       Point group flag     (symtyp) =        2
       Orbitals per symm    (nob)    :   85  78
       Total # of orbitals  (norb)   =      163
       Total # of spin orbs (nsrb)   =      326

       Length of index  arrays - icdo,indo (m)    =      601
       Length of coeff. array  - cdo       (lcdi) =     2776
         (equals # dets in wfn)
       Length of packed dets array - ndo   (lndi) =    23596

       Spin quantum number  (s)      =     0.00
       Z-projection of spin (sz)     =     0.00
       Reflection quant. #  (r)      =     0.00
       Pin                  (pin)    =     0.00
                            (idiag)  =        1

     Data on CSFs has been written to file (MEGUL) =   710

     ***** Wavefn projection (projec()) - completed

 &INPUT
 NAME='hydrogen.peroxide_plus_scattering - singlet A                                   ',
 NRERUN=  0,  MEGUL=710,  SYMTYP=  2,
 MGVN=  0,  S=   0.0,SZ=   0.0, R=   0.0,  PIN=   0.0,  NOCSF=   600,
 BYPROJ= 1,
 LCDI=           2776,  LNDI=          23596, LCDO=   2000, LNDO=      150000000, LCDT=    500,  LNDT=   5000,
 NFTO= 15,  LTRI=  300, IDIAG=  1, NPFLG= 0, 0, 0, 0, 0, NPMSPD = 0,
 THRES= 1.00D-10,
 NELT=  18, NSYM=  2, NOB= 85, 78,
 NDTRF=   1,   2,   3,   4,   5,   6,   7,   8,   9,  10,  11,  12, 
        171, 172, 173, 174, 175, 176,
 NOBL= 85, 78,  0,  0,  0,  0,  0,  0,  0,  0,
  0,  0,  0,  0,  0,  0,  0,  0,  0,  0,
 NOB0L=  6,  6,  0,  0,  0,  0,  0,  0,  0,  0,
  0,  0,  0,  0,  0,  0,  0,  0,  0,  0,
 &END
